#
# There is insufficient memory for the Java Runtime Environment to continue.
# Native memory allocation (malloc) failed to allocate 32744 bytes for ChunkPool::allocate
# Possible reasons:
#   The system is out of physical RAM or swap space
#   The process is running with CompressedOops enabled, and the Java Heap may be blocking the growth of the native heap
# Possible solutions:
#   Reduce memory load on the system
#   Increase physical memory or swap space
#   Check if swap backing store is full
#   Decrease Java heap size (-Xmx/-Xms)
#   Decrease number of Java threads
#   Decrease Java thread stack sizes (-Xss)
#   Set larger code cache with -XX:ReservedCodeCacheSize=
#   JVM is running with Unscaled Compressed Oops mode in which the Java heap is
#     placed in the first 4GB address space. The Java Heap base address is the
#     maximum limit for the native heap growth. Please use -XX:HeapBaseMinAddress
#     to set the Java Heap base and to place the Java Heap above 4GB virtual address.
# This output file may be truncated or incomplete.
#
#  Out of Memory Error (arena.cpp:78), pid=12780, tid=13416
#
# JRE version: OpenJDK Runtime Environment Temurin-17.0.6+10 (17.0.6+10) (build 17.0.6+10)
# Java VM: OpenJDK 64-Bit Server VM Temurin-17.0.6+10 (17.0.6+10, mixed mode, tiered, compressed oops, compressed class ptrs, g1 gc, windows-amd64)
# No core dump will be written. Minidumps are not enabled by default on client versions of Windows
#

---------------  S U M M A R Y ------------

Command Line: -Dfile.encoding=UTF-8 -XX:+ShowCodeDetailsInExceptionMessages BankProject.Transaction

Host: AMD Ryzen 3 3200U with Radeon Vega Mobile Gfx  , 4 cores, 3G,  Windows 11 , 64 bit Build 22621 (10.0.22621.1928)
Time: Sat Jul 22 10:13:17 2023 India Standard Time elapsed time: 177.663462 seconds (0d 0h 2m 57s)

---------------  T H R E A D  ---------------

Current thread (0x00000227db2f09c0):  JavaThread "C1 CompilerThread0" daemon [_thread_in_native, id=13416, stack(0x0000007317500000,0x0000007317600000)]


Current CompileTask:
C1: 177663 1211       3       jdk.internal.org.objectweb.asm.MethodWriter::putMethodInfo (1274 bytes)

Stack: [0x0000007317500000,0x0000007317600000]
Native frames: (J=compiled Java code, j=interpreted, Vv=VM code, C=native code)
V  [jvm.dll+0x67741a]
V  [jvm.dll+0x834434]
V  [jvm.dll+0x835bde]
V  [jvm.dll+0x836243]
V  [jvm.dll+0x2457b5]
V  [jvm.dll+0xabd1c]
V  [jvm.dll+0xac0cc]
V  [jvm.dll+0x179693]
V  [jvm.dll+0x177c04]
V  [jvm.dll+0x177eca]
V  [jvm.dll+0x17a933]
V  [jvm.dll+0x134d93]
V  [jvm.dll+0x13468f]
V  [jvm.dll+0x1348c6]
V  [jvm.dll+0x133d5a]
V  [jvm.dll+0x135a21]
V  [jvm.dll+0x22742a]
V  [jvm.dll+0x225565]
V  [jvm.dll+0x7ea2cb]
V  [jvm.dll+0x7e483a]
V  [jvm.dll+0x6762c5]
C  [ucrtbase.dll+0x29363]
C  [KERNEL32.DLL+0x126ad]
C  [ntdll.dll+0x5aa68]


---------------  P R O C E S S  ---------------

Threads class SMR info:
_java_thread_list=0x00000227dc4fff60, length=17, elements={
0x00000227db2b0030, 0x00000227db2b0b70, 0x00000227db2e4280, 0x00000227db2e6b50,
0x00000227db2e7ca0, 0x00000227db2e8df0, 0x00000227db2ed770, 0x00000227db2f09c0,
0x00000227db306ac0, 0x00000227dbe31070, 0x00000227dbe34400, 0x00000227dc299ae0,
0x00000227dc29a3c0, 0x00000227dc29a890, 0x00000227dc580e70, 0x00000227c46f7890,
0x00000227dc617470
}

Java Threads: ( => current thread )
  0x00000227db2b0030 JavaThread "Reference Handler" daemon [_thread_blocked, id=864, stack(0x0000007316e00000,0x0000007316f00000)]
  0x00000227db2b0b70 JavaThread "Finalizer" daemon [_thread_blocked, id=9992, stack(0x0000007316f00000,0x0000007317000000)]
  0x00000227db2e4280 JavaThread "Signal Dispatcher" daemon [_thread_blocked, id=1068, stack(0x0000007317000000,0x0000007317100000)]
  0x00000227db2e6b50 JavaThread "Attach Listener" daemon [_thread_blocked, id=14112, stack(0x0000007317100000,0x0000007317200000)]
  0x00000227db2e7ca0 JavaThread "Service Thread" daemon [_thread_blocked, id=1488, stack(0x0000007317200000,0x0000007317300000)]
  0x00000227db2e8df0 JavaThread "Monitor Deflation Thread" daemon [_thread_blocked, id=14632, stack(0x0000007317300000,0x0000007317400000)]
  0x00000227db2ed770 JavaThread "C2 CompilerThread0" daemon [_thread_blocked, id=1408, stack(0x0000007317400000,0x0000007317500000)]
=>0x00000227db2f09c0 JavaThread "C1 CompilerThread0" daemon [_thread_in_native, id=13416, stack(0x0000007317500000,0x0000007317600000)]
  0x00000227db306ac0 JavaThread "Sweeper thread" daemon [_thread_blocked, id=20780, stack(0x0000007317600000,0x0000007317700000)]
  0x00000227dbe31070 JavaThread "Notification Thread" daemon [_thread_blocked, id=13952, stack(0x0000007317700000,0x0000007317800000)]
  0x00000227dbe34400 JavaThread "Common-Cleaner" daemon [_thread_blocked, id=10408, stack(0x0000007317900000,0x0000007317a00000)]
  0x00000227dc299ae0 JavaThread "Java2D Disposer" daemon [_thread_blocked, id=13184, stack(0x0000007317b00000,0x0000007317c00000)]
  0x00000227dc29a3c0 JavaThread "AWT-Shutdown" [_thread_blocked, id=15460, stack(0x0000007317c00000,0x0000007317d00000)]
  0x00000227dc29a890 JavaThread "AWT-Windows" daemon [_thread_in_native, id=6064, stack(0x0000007317d00000,0x0000007317e00000)]
  0x00000227dc580e70 JavaThread "AWT-EventQueue-0" [_thread_in_native, id=5996, stack(0x0000007318500000,0x0000007318600000)]
  0x00000227c46f7890 JavaThread "DestroyJavaVM" [_thread_blocked, id=16456, stack(0x0000007316700000,0x0000007316800000)]
  0x00000227dc617470 JavaThread "D3D Screen Updater" daemon [_thread_blocked, id=21608, stack(0x0000007318900000,0x0000007318a00000)]

Other Threads:
  0x00000227c47a1750 VMThread "VM Thread" [stack: 0x0000007316d00000,0x0000007316e00000] [id=20284]
  0x00000227dbe33550 WatcherThread [stack: 0x0000007317800000,0x0000007317900000] [id=23012]
  0x00000227c4731890 GCTaskThread "GC Thread#0" [stack: 0x0000007316800000,0x0000007316900000] [id=20392]
  0x00000227dc314350 GCTaskThread "GC Thread#1" [stack: 0x0000007318600000,0x0000007318700000] [id=22560]
  0x00000227dc314600 GCTaskThread "GC Thread#2" [stack: 0x0000007318700000,0x0000007318800000] [id=17976]
  0x00000227dc558e90 GCTaskThread "GC Thread#3" [stack: 0x0000007318800000,0x0000007318900000] [id=2720]
  0x00000227c4739650 ConcurrentGCThread "G1 Main Marker" [stack: 0x0000007316900000,0x0000007316a00000] [id=12728]
  0x00000227c473a960 ConcurrentGCThread "G1 Conc#0" [stack: 0x0000007316a00000,0x0000007316b00000] [id=2796]
  0x00000227c4775c80 ConcurrentGCThread "G1 Refine#0" [stack: 0x0000007316b00000,0x0000007316c00000] [id=1604]
  0x00000227c47766a0 ConcurrentGCThread "G1 Service" [stack: 0x0000007316c00000,0x0000007316d00000] [id=4028]

Threads with active compile tasks:
C1 CompilerThread0   177896 1211       3       jdk.internal.org.objectweb.asm.MethodWriter::putMethodInfo (1274 bytes)

VM state: not at safepoint (normal execution)

VM Mutex/Monitor currently owned by a thread: None

Heap address: 0x00000000c8c00000, size: 884 MB, Compressed Oops mode: 32-bit

CDS archive(s) not mapped
Compressed class space mapped at: 0x0000000100000000-0x0000000140000000, reserved size: 1073741824
Narrow klass base: 0x0000000000000000, Narrow klass shift: 3, Narrow klass range: 0x140000000

GC Precious Log:
 CPUs: 4 total, 4 available
 Memory: 3530M
 Large Page Support: Disabled
 NUMA Support: Disabled
 Compressed Oops: Enabled (32-bit)
 Heap Region Size: 1M
 Heap Min Capacity: 8M
 Heap Initial Capacity: 56M
 Heap Max Capacity: 884M
 Pre-touch: Disabled
 Parallel Workers: 4
 Concurrent Workers: 1
 Concurrent Refinement Workers: 4
 Periodic GC: Disabled

Heap:
 garbage-first heap   total 57344K, used 19759K [0x00000000c8c00000, 0x0000000100000000)
  region size 1024K, 12 young (12288K), 2 survivors (2048K)
 Metaspace       used 14717K, committed 14848K, reserved 1064960K
  class space    used 1443K, committed 1536K, reserved 1048576K

Heap Regions: E=young(eden), S=young(survivor), O=old, HS=humongous(starts), HC=humongous(continues), CS=collection set, F=free, OA=open archive, CA=closed archive, TAMS=top-at-mark-start (previous, next)
|   0|0x00000000c8c00000, 0x00000000c8d00000, 0x00000000c8d00000|100%|HS|  |TAMS 0x00000000c8c00000, 0x00000000c8c00000| Complete 
|   1|0x00000000c8d00000, 0x00000000c8e00000, 0x00000000c8e00000|100%|HC|  |TAMS 0x00000000c8d00000, 0x00000000c8d00000| Complete 
|   2|0x00000000c8e00000, 0x00000000c8f00000, 0x00000000c8f00000|100%|HC|  |TAMS 0x00000000c8e00000, 0x00000000c8e00000| Complete 
|   3|0x00000000c8f00000, 0x00000000c9000000, 0x00000000c9000000|100%|HC|  |TAMS 0x00000000c8f00000, 0x00000000c8f00000| Complete 
|   4|0x00000000c9000000, 0x00000000c9100000, 0x00000000c9100000|100%|HS|  |TAMS 0x00000000c9000000, 0x00000000c9000000| Complete 
|   5|0x00000000c9100000, 0x00000000c9200000, 0x00000000c9200000|100%|HC|  |TAMS 0x00000000c9100000, 0x00000000c9100000| Complete 
|   6|0x00000000c9200000, 0x00000000c9300000, 0x00000000c9300000|100%|HC|  |TAMS 0x00000000c9200000, 0x00000000c9200000| Complete 
|   7|0x00000000c9300000, 0x00000000c9400000, 0x00000000c9400000|100%|HC|  |TAMS 0x00000000c9300000, 0x00000000c9300000| Complete 
|   8|0x00000000c9400000, 0x00000000c944be00, 0x00000000c9500000| 29%| O|  |TAMS 0x00000000c9400000, 0x00000000c9400000| Untracked 
|   9|0x00000000c9500000, 0x00000000c9500000, 0x00000000c9600000|  0%| F|  |TAMS 0x00000000c9500000, 0x00000000c9500000| Untracked 
|  10|0x00000000c9600000, 0x00000000c9600000, 0x00000000c9700000|  0%| F|  |TAMS 0x00000000c9600000, 0x00000000c9600000| Untracked 
|  11|0x00000000c9700000, 0x00000000c9700000, 0x00000000c9800000|  0%| F|  |TAMS 0x00000000c9700000, 0x00000000c9700000| Untracked 
|  12|0x00000000c9800000, 0x00000000c9800000, 0x00000000c9900000|  0%| F|  |TAMS 0x00000000c9800000, 0x00000000c9800000| Untracked 
|  13|0x00000000c9900000, 0x00000000c9900000, 0x00000000c9a00000|  0%| F|  |TAMS 0x00000000c9900000, 0x00000000c9900000| Untracked 
|  14|0x00000000c9a00000, 0x00000000c9a00000, 0x00000000c9b00000|  0%| F|  |TAMS 0x00000000c9a00000, 0x00000000c9a00000| Untracked 
|  15|0x00000000c9b00000, 0x00000000c9b00000, 0x00000000c9c00000|  0%| F|  |TAMS 0x00000000c9b00000, 0x00000000c9b00000| Untracked 
|  16|0x00000000c9c00000, 0x00000000c9c00000, 0x00000000c9d00000|  0%| F|  |TAMS 0x00000000c9c00000, 0x00000000c9c00000| Untracked 
|  17|0x00000000c9d00000, 0x00000000c9d00000, 0x00000000c9e00000|  0%| F|  |TAMS 0x00000000c9d00000, 0x00000000c9d00000| Untracked 
|  18|0x00000000c9e00000, 0x00000000c9e00000, 0x00000000c9f00000|  0%| F|  |TAMS 0x00000000c9e00000, 0x00000000c9e00000| Untracked 
|  19|0x00000000c9f00000, 0x00000000c9f00000, 0x00000000ca000000|  0%| F|  |TAMS 0x00000000c9f00000, 0x00000000c9f00000| Untracked 
|  20|0x00000000ca000000, 0x00000000ca000000, 0x00000000ca100000|  0%| F|  |TAMS 0x00000000ca000000, 0x00000000ca000000| Untracked 
|  21|0x00000000ca100000, 0x00000000ca100000, 0x00000000ca200000|  0%| F|  |TAMS 0x00000000ca100000, 0x00000000ca100000| Untracked 
|  22|0x00000000ca200000, 0x00000000ca200000, 0x00000000ca300000|  0%| F|  |TAMS 0x00000000ca200000, 0x00000000ca200000| Untracked 
|  23|0x00000000ca300000, 0x00000000ca300000, 0x00000000ca400000|  0%| F|  |TAMS 0x00000000ca300000, 0x00000000ca300000| Untracked 
|  24|0x00000000ca400000, 0x00000000ca400000, 0x00000000ca500000|  0%| F|  |TAMS 0x00000000ca400000, 0x00000000ca400000| Untracked 
|  25|0x00000000ca500000, 0x00000000ca500000, 0x00000000ca600000|  0%| F|  |TAMS 0x00000000ca500000, 0x00000000ca500000| Untracked 
|  26|0x00000000ca600000, 0x00000000ca600000, 0x00000000ca700000|  0%| F|  |TAMS 0x00000000ca600000, 0x00000000ca600000| Untracked 
|  27|0x00000000ca700000, 0x00000000ca700000, 0x00000000ca800000|  0%| F|  |TAMS 0x00000000ca700000, 0x00000000ca700000| Untracked 
|  28|0x00000000ca800000, 0x00000000ca800000, 0x00000000ca900000|  0%| F|  |TAMS 0x00000000ca800000, 0x00000000ca800000| Untracked 
|  29|0x00000000ca900000, 0x00000000ca900000, 0x00000000caa00000|  0%| F|  |TAMS 0x00000000ca900000, 0x00000000ca900000| Untracked 
|  30|0x00000000caa00000, 0x00000000caa00000, 0x00000000cab00000|  0%| F|  |TAMS 0x00000000caa00000, 0x00000000caa00000| Untracked 
|  31|0x00000000cab00000, 0x00000000cab00000, 0x00000000cac00000|  0%| F|  |TAMS 0x00000000cab00000, 0x00000000cab00000| Untracked 
|  32|0x00000000cac00000, 0x00000000cac00000, 0x00000000cad00000|  0%| F|  |TAMS 0x00000000cac00000, 0x00000000cac00000| Untracked 
|  33|0x00000000cad00000, 0x00000000cad00000, 0x00000000cae00000|  0%| F|  |TAMS 0x00000000cad00000, 0x00000000cad00000| Untracked 
|  34|0x00000000cae00000, 0x00000000cae00000, 0x00000000caf00000|  0%| F|  |TAMS 0x00000000cae00000, 0x00000000cae00000| Untracked 
|  35|0x00000000caf00000, 0x00000000caf00000, 0x00000000cb000000|  0%| F|  |TAMS 0x00000000caf00000, 0x00000000caf00000| Untracked 
|  36|0x00000000cb000000, 0x00000000cb000000, 0x00000000cb100000|  0%| F|  |TAMS 0x00000000cb000000, 0x00000000cb000000| Untracked 
|  37|0x00000000cb100000, 0x00000000cb100000, 0x00000000cb200000|  0%| F|  |TAMS 0x00000000cb100000, 0x00000000cb100000| Untracked 
|  38|0x00000000cb200000, 0x00000000cb200000, 0x00000000cb300000|  0%| F|  |TAMS 0x00000000cb200000, 0x00000000cb200000| Untracked 
|  39|0x00000000cb300000, 0x00000000cb300000, 0x00000000cb400000|  0%| F|  |TAMS 0x00000000cb300000, 0x00000000cb300000| Untracked 
|  40|0x00000000cb400000, 0x00000000cb400000, 0x00000000cb500000|  0%| F|  |TAMS 0x00000000cb400000, 0x00000000cb400000| Untracked 
|  41|0x00000000cb500000, 0x00000000cb600000, 0x00000000cb600000|100%| S|CS|TAMS 0x00000000cb500000, 0x00000000cb500000| Complete 
|  42|0x00000000cb600000, 0x00000000cb700000, 0x00000000cb700000|100%| S|CS|TAMS 0x00000000cb600000, 0x00000000cb600000| Complete 
|  43|0x00000000cb700000, 0x00000000cb700000, 0x00000000cb800000|  0%| F|  |TAMS 0x00000000cb700000, 0x00000000cb700000| Untracked 
|  44|0x00000000cb800000, 0x00000000cb800000, 0x00000000cb900000|  0%| F|  |TAMS 0x00000000cb800000, 0x00000000cb800000| Untracked 
|  45|0x00000000cb900000, 0x00000000cb900000, 0x00000000cba00000|  0%| F|  |TAMS 0x00000000cb900000, 0x00000000cb900000| Untracked 
|  46|0x00000000cba00000, 0x00000000cbafef90, 0x00000000cbb00000| 99%| E|  |TAMS 0x00000000cba00000, 0x00000000cba00000| Complete 
|  47|0x00000000cbb00000, 0x00000000cbc00000, 0x00000000cbc00000|100%| E|CS|TAMS 0x00000000cbb00000, 0x00000000cbb00000| Complete 
|  48|0x00000000cbc00000, 0x00000000cbd00000, 0x00000000cbd00000|100%| E|CS|TAMS 0x00000000cbc00000, 0x00000000cbc00000| Complete 
|  49|0x00000000cbd00000, 0x00000000cbe00000, 0x00000000cbe00000|100%| E|CS|TAMS 0x00000000cbd00000, 0x00000000cbd00000| Complete 
|  50|0x00000000cbe00000, 0x00000000cbf00000, 0x00000000cbf00000|100%| E|CS|TAMS 0x00000000cbe00000, 0x00000000cbe00000| Complete 
|  51|0x00000000cbf00000, 0x00000000cc000000, 0x00000000cc000000|100%| E|CS|TAMS 0x00000000cbf00000, 0x00000000cbf00000| Complete 
|  52|0x00000000cc000000, 0x00000000cc100000, 0x00000000cc100000|100%| E|CS|TAMS 0x00000000cc000000, 0x00000000cc000000| Complete 
|  53|0x00000000cc100000, 0x00000000cc200000, 0x00000000cc200000|100%| E|CS|TAMS 0x00000000cc100000, 0x00000000cc100000| Complete 
|  54|0x00000000cc200000, 0x00000000cc300000, 0x00000000cc300000|100%| E|CS|TAMS 0x00000000cc200000, 0x00000000cc200000| Complete 
|  55|0x00000000cc300000, 0x00000000cc400000, 0x00000000cc400000|100%| E|CS|TAMS 0x00000000cc300000, 0x00000000cc300000| Complete 

Card table byte_map: [0x00000227d6db0000,0x00000227d6f70000] _byte_map_base: 0x00000227d676a000

Marking Bits (Prev, Next): (CMBitMap*) 0x00000227c4731ea0, (CMBitMap*) 0x00000227c4731ee0
 Prev Bits: [0x00000227d7130000, 0x00000227d7f00000)
 Next Bits: [0x00000227d7f00000, 0x00000227d8cd0000)

Polling page: 0x00000227c2700000

Metaspace:

Usage:
  Non-class:     12.96 MB used.
      Class:      1.41 MB used.
       Both:     14.37 MB used.

Virtual space:
  Non-class space:       16.00 MB reserved,      13.00 MB ( 81%) committed,  2 nodes.
      Class space:        1.00 GB reserved,       1.50 MB ( <1%) committed,  1 nodes.
             Both:        1.02 GB reserved,      14.50 MB (  1%) committed. 

Chunk freelists:
   Non-Class:  3.00 MB
       Class:  2.55 MB
        Both:  5.55 MB

MaxMetaspaceSize: unlimited
CompressedClassSpaceSize: 1.00 GB
Initial GC threshold: 21.00 MB
Current GC threshold: 21.00 MB
CDS: off
MetaspaceReclaimPolicy: balanced
 - commit_granule_bytes: 65536.
 - commit_granule_words: 8192.
 - virtual_space_node_default_size: 1048576.
 - enlarge_chunks_in_place: 1.
 - new_chunks_are_fully_committed: 0.
 - uncommit_free_chunks: 1.
 - use_allocation_guard: 0.
 - handle_deallocations: 1.


Internal statistics:

num_allocs_failed_limit: 0.
num_arena_births: 118.
num_arena_deaths: 0.
num_vsnodes_births: 3.
num_vsnodes_deaths: 0.
num_space_committed: 232.
num_space_uncommitted: 0.
num_chunks_returned_to_freelist: 0.
num_chunks_taken_from_freelist: 176.
num_chunk_merges: 0.
num_chunk_splits: 95.
num_chunks_enlarged: 48.
num_purges: 0.
num_inconsistent_stats: 0.

CodeHeap 'non-profiled nmethods': size=120000Kb used=348Kb max_used=348Kb free=119652Kb
 bounds [0x00000227cf880000, 0x00000227cfaf0000, 0x00000227d6db0000]
CodeHeap 'profiled nmethods': size=120000Kb used=2070Kb max_used=2070Kb free=117929Kb
 bounds [0x00000227c7db0000, 0x00000227c8020000, 0x00000227cf2e0000]
CodeHeap 'non-nmethods': size=5760Kb used=1266Kb max_used=1296Kb free=4493Kb
 bounds [0x00000227cf2e0000, 0x00000227cf550000, 0x00000227cf880000]
 total_blobs=1801 nmethods=1209 adapters=505
 compilation: enabled
              stopped_count=0, restarted_count=0
 full_count=0

Compilation events (20 events):
Event: 13.009 Thread 0x00000227db2f09c0 nmethod 1200 0x00000227c7fb1e10 code [0x00000227c7fb1fc0, 0x00000227c7fb2198]
Event: 13.009 Thread 0x00000227db2f09c0 1201       1       java.awt.Window::isRecursivelyVisible (5 bytes)
Event: 13.009 Thread 0x00000227db2f09c0 nmethod 1201 0x00000227cf8d5d90 code [0x00000227cf8d5f20, 0x00000227cf8d5ff8]
Event: 13.898 Thread 0x00000227db2ed770 1202       4       java.util.HashMap::get (19 bytes)
Event: 13.909 Thread 0x00000227db2ed770 nmethod 1202 0x00000227cf8d6090 code [0x00000227cf8d6240, 0x00000227cf8d6838]
Event: 24.433 Thread 0x00000227db2f09c0 1203       3       java.util.ArrayList::toArray (57 bytes)
Event: 24.434 Thread 0x00000227db2f09c0 nmethod 1203 0x00000227c7fb2290 code [0x00000227c7fb2460, 0x00000227c7fb2998]
Event: 27.776 Thread 0x00000227db2f09c0 1205       3       sun.java2d.StateTrackableDelegate$1::isCurrent (17 bytes)
Event: 27.777 Thread 0x00000227db2f09c0 nmethod 1205 0x00000227c7fb2b10 code [0x00000227c7fb2ca0, 0x00000227c7fb2e18]
Event: 28.101 Thread 0x00000227db2f09c0 1206       3       sun.java2d.d3d.D3DSurfaceData$D3DWindowSurfaceData::isDirty (18 bytes)
Event: 28.101 Thread 0x00000227db2f09c0 nmethod 1206 0x00000227c7fb2f10 code [0x00000227c7fb30c0, 0x00000227c7fb32e8]
Event: 177.638 Thread 0x00000227db2f09c0 1207       3       jdk.internal.org.objectweb.asm.MethodWriter::visitMaxs (60 bytes)
Event: 177.639 Thread 0x00000227db2f09c0 nmethod 1207 0x00000227c7fb3390 code [0x00000227c7fb3560, 0x00000227c7fb3838]
Event: 177.639 Thread 0x00000227db2f09c0 1208       3       jdk.internal.org.objectweb.asm.MethodWriter::visitEnd (1 bytes)
Event: 177.639 Thread 0x00000227db2f09c0 nmethod 1208 0x00000227c7fb3910 code [0x00000227c7fb3aa0, 0x00000227c7fb3bb8]
Event: 177.639 Thread 0x00000227db2f09c0 1209       3       jdk.internal.org.objectweb.asm.MethodWriter::computeMethodInfoSize (571 bytes)
Event: 177.641 Thread 0x00000227db2f09c0 nmethod 1209 0x00000227c7fb3c90 code [0x00000227c7fb3fc0, 0x00000227c7fb4f08]
Event: 177.641 Thread 0x00000227db2f09c0 1210       3       jdk.internal.org.objectweb.asm.MethodWriter::hasFrames (13 bytes)
Event: 177.641 Thread 0x00000227db2f09c0 nmethod 1210 0x00000227c7fb5590 code [0x00000227c7fb5720, 0x00000227c7fb5898]
Event: 177.641 Thread 0x00000227db2f09c0 1211       3       jdk.internal.org.objectweb.asm.MethodWriter::putMethodInfo (1274 bytes)

GC Heap History (2 events):
Event: 1.319 GC heap before
{Heap before GC invocations=0 (full 0):
 garbage-first heap   total 57344K, used 21504K [0x00000000c8c00000, 0x0000000100000000)
  region size 1024K, 13 young (13312K), 0 survivors (0K)
 Metaspace       used 12642K, committed 12864K, reserved 1064960K
  class space    used 1225K, committed 1344K, reserved 1048576K
}
Event: 1.331 GC heap after
{Heap after GC invocations=1 (full 0):
 garbage-first heap   total 57344K, used 10543K [0x00000000c8c00000, 0x0000000100000000)
  region size 1024K, 2 young (2048K), 2 survivors (2048K)
 Metaspace       used 12642K, committed 12864K, reserved 1064960K
  class space    used 1225K, committed 1344K, reserved 1048576K
}

Dll operation events (9 events):
Event: 0.081 Loaded shared library C:\Users\Hp\.p2\pool\plugins\org.eclipse.justj.openjdk.hotspot.jre.full.win32.x86_64_17.0.6.v20230204-1729\jre\bin\java.dll
Event: 0.421 Loaded shared library C:\Users\Hp\.p2\pool\plugins\org.eclipse.justj.openjdk.hotspot.jre.full.win32.x86_64_17.0.6.v20230204-1729\jre\bin\jimage.dll
Event: 0.445 Loaded shared library C:\Users\Hp\.p2\pool\plugins\org.eclipse.justj.openjdk.hotspot.jre.full.win32.x86_64_17.0.6.v20230204-1729\jre\bin\net.dll
Event: 0.450 Loaded shared library C:\Users\Hp\.p2\pool\plugins\org.eclipse.justj.openjdk.hotspot.jre.full.win32.x86_64_17.0.6.v20230204-1729\jre\bin\nio.dll
Event: 0.460 Loaded shared library C:\Users\Hp\.p2\pool\plugins\org.eclipse.justj.openjdk.hotspot.jre.full.win32.x86_64_17.0.6.v20230204-1729\jre\bin\zip.dll
Event: 0.525 Loaded shared library C:\Users\Hp\.p2\pool\plugins\org.eclipse.justj.openjdk.hotspot.jre.full.win32.x86_64_17.0.6.v20230204-1729\jre\bin\awt.dll
Event: 1.126 Loaded shared library C:\Users\Hp\.p2\pool\plugins\org.eclipse.justj.openjdk.hotspot.jre.full.win32.x86_64_17.0.6.v20230204-1729\jre\bin\javajpeg.dll
Event: 1.358 Loaded shared library C:\Users\Hp\.p2\pool\plugins\org.eclipse.justj.openjdk.hotspot.jre.full.win32.x86_64_17.0.6.v20230204-1729\jre\bin\freetype.dll
Event: 1.361 Loaded shared library C:\Users\Hp\.p2\pool\plugins\org.eclipse.justj.openjdk.hotspot.jre.full.win32.x86_64_17.0.6.v20230204-1729\jre\bin\fontmanager.dll

Deoptimization events (20 events):
Event: 1.518 Thread 0x00000227dc580e70 Uncommon trap: trap_request=0xffffff45 fr.pc=0x00000227cf8b1fc4 relative=0x00000000000007e4
Event: 1.518 Thread 0x00000227dc580e70 Uncommon trap: reason=unstable_if action=reinterpret pc=0x00000227cf8b1fc4 method=java.util.HashMap.putVal(ILjava/lang/Object;Ljava/lang/Object;ZZ)Ljava/lang/Object; @ 181 c2
Event: 1.518 Thread 0x00000227dc580e70 DEOPT PACKING pc=0x00000227cf8b1fc4 sp=0x00000073185fd0c0
Event: 1.518 Thread 0x00000227dc580e70 DEOPT UNPACKING pc=0x00000227cf3369a3 sp=0x00000073185fcff8 mode 2
Event: 1.622 Thread 0x00000227dc580e70 Uncommon trap: trap_request=0xffffff45 fr.pc=0x00000227cf8b798c relative=0x00000000000004cc
Event: 1.622 Thread 0x00000227dc580e70 Uncommon trap: reason=unstable_if action=reinterpret pc=0x00000227cf8b798c method=java.lang.StringLatin1.toLowerCase(Ljava/lang/String;[BLjava/util/Locale;)Ljava/lang/String; @ 43 c2
Event: 1.622 Thread 0x00000227dc580e70 DEOPT PACKING pc=0x00000227cf8b798c sp=0x00000073185fd190
Event: 1.622 Thread 0x00000227dc580e70 DEOPT UNPACKING pc=0x00000227cf3369a3 sp=0x00000073185fd100 mode 2
Event: 2.176 Thread 0x00000227dc580e70 Uncommon trap: trap_request=0xffffff45 fr.pc=0x00000227cf8ace20 relative=0x00000000000007c0
Event: 2.176 Thread 0x00000227dc580e70 Uncommon trap: reason=unstable_if action=reinterpret pc=0x00000227cf8ace20 method=java.util.HashMap.putVal(ILjava/lang/Object;Ljava/lang/Object;ZZ)Ljava/lang/Object; @ 181 c2
Event: 2.176 Thread 0x00000227dc580e70 DEOPT PACKING pc=0x00000227cf8ace20 sp=0x00000073185fcf30
Event: 2.176 Thread 0x00000227dc580e70 DEOPT UNPACKING pc=0x00000227cf3369a3 sp=0x00000073185fced0 mode 2
Event: 2.178 Thread 0x00000227dc580e70 Uncommon trap: trap_request=0xffffff45 fr.pc=0x00000227cf8899bc relative=0x00000000000001bc
Event: 2.178 Thread 0x00000227dc580e70 Uncommon trap: reason=unstable_if action=reinterpret pc=0x00000227cf8899bc method=java.lang.String.hashCode()I @ 20 c2
Event: 2.178 Thread 0x00000227dc580e70 DEOPT PACKING pc=0x00000227cf8899bc sp=0x00000073185fcfa0
Event: 2.178 Thread 0x00000227dc580e70 DEOPT UNPACKING pc=0x00000227cf3369a3 sp=0x00000073185fcf30 mode 2
Event: 2.215 Thread 0x00000227dc580e70 Uncommon trap: trap_request=0xffffff45 fr.pc=0x00000227cf8c52bc relative=0x00000000000003fc
Event: 2.216 Thread 0x00000227dc580e70 Uncommon trap: reason=unstable_if action=reinterpret pc=0x00000227cf8c52bc method=java.lang.Character.isSurrogate(C)Z @ 3 c2
Event: 2.216 Thread 0x00000227dc580e70 DEOPT PACKING pc=0x00000227cf8c52bc sp=0x00000073185fcc80
Event: 2.216 Thread 0x00000227dc580e70 DEOPT UNPACKING pc=0x00000227cf3369a3 sp=0x00000073185fcba8 mode 2

Classes unloaded (0 events):
No events

Classes redefined (0 events):
No events

Internal exceptions (13 events):
Event: 0.502 Thread 0x00000227c46f7890 Exception <a 'java/lang/ClassNotFoundException'{0x00000000cc24fd00}: sun/awt/resources/spi/awtProvider> (0x00000000cc24fd00) 
thrown [s\src\hotspot\share\classfile\systemDictionary.cpp, line 256]
Event: 0.560 Thread 0x00000227c46f7890 Exception <a 'java/io/FileNotFoundException'{0x00000000cc2aaa18}> (0x00000000cc2aaa18) 
thrown [s\src\hotspot\share\prims\jni.cpp, line 516]
Event: 0.570 Thread 0x00000227c46f7890 Exception <a 'java/io/FileNotFoundException'{0x00000000cc2d7bb0}> (0x00000000cc2d7bb0) 
thrown [s\src\hotspot\share\prims\jni.cpp, line 516]
Event: 0.673 Thread 0x00000227c46f7890 Exception <a 'java/lang/NoSuchMethodError'{0x00000000cc128e20}: 'java.lang.Object java.lang.invoke.DirectMethodHandle$Holder.invokeStaticInit(java.lang.Object)'> (0x00000000cc128e20) 
thrown [s\src\hotspot\share\interpreter\linkResolver.cpp, line 759]
Event: 0.879 Thread 0x00000227c46f7890 Exception <a 'java/lang/NoSuchMethodError'{0x00000000cc1b65d8}: 'void java.lang.invoke.DirectMethodHandle$Holder.invokeSpecial(java.lang.Object, java.lang.Object, java.lang.Object)'> (0x00000000cc1b65d8) 
thrown [s\src\hotspot\share\interpreter\linkResolver.cpp, line 759]
Event: 0.897 Thread 0x00000227c46f7890 Exception <a 'java/lang/NoSuchMethodError'{0x00000000cc1e0b68}: 'java.lang.Object java.lang.invoke.DirectMethodHandle$Holder.newInvokeSpecial(java.lang.Object, java.lang.Object, java.lang.Object, java.lang.Object, java.lang.Object)'> (0x00000000cc1e0b68) 
thrown [s\src\hotspot\share\interpreter\linkResolver.cpp, line 759]
Event: 0.901 Thread 0x00000227c46f7890 Exception <a 'java/lang/NoSuchMethodError'{0x00000000cc1ec530}: 'java.lang.Object java.lang.invoke.DirectMethodHandle$Holder.invokeStatic(java.lang.Object, int, java.lang.Object, java.lang.Object, java.lang.Object, java.lang.Object)'> (0x00000000cc1ec530) 
thrown [s\src\hotspot\share\interpreter\linkResolver.cpp, line 759]
Event: 0.910 Thread 0x00000227c46f7890 Exception <a 'java/lang/NoSuchMethodError'{0x00000000cc012198}: 'java.lang.Object java.lang.invoke.DirectMethodHandle$Holder.invokeStatic(java.lang.Object, int, java.lang.Object)'> (0x00000000cc012198) 
thrown [s\src\hotspot\share\interpreter\linkResolver.cpp, line 759]
Event: 0.958 Thread 0x00000227c46f7890 Exception <a 'java/lang/ClassNotFoundException'{0x00000000cc0ca208}: com/sun/swing/internal/plaf/metal/resources/spi/metalProvider> (0x00000000cc0ca208) 
thrown [s\src\hotspot\share\classfile\systemDictionary.cpp, line 256]
Event: 0.960 Thread 0x00000227c46f7890 Exception <a 'java/lang/ClassNotFoundException'{0x00000000cc0ce090}: com/sun/swing/internal/plaf/basic/resources/spi/basicProvider> (0x00000000cc0ce090) 
thrown [s\src\hotspot\share\classfile\systemDictionary.cpp, line 256]
Event: 1.128 Thread 0x00000227dc4baa30 Exception <a 'java/lang/NoSuchMethodError'{0x00000000cbea0fe8}: 'java.lang.Object java.lang.invoke.DirectMethodHandle$Holder.newInvokeSpecial(java.lang.Object, java.lang.Object, java.lang.Object, int, int, int, int, int)'> (0x00000000cbea0fe8) 
thrown [s\src\hotspot\share\interpreter\linkResolver.cpp, line 759]
Event: 1.286 Thread 0x00000227dc29a890 Exception <a 'java/lang/NoSuchMethodError'{0x00000000cc153328}: 'void java.lang.invoke.DirectMethodHandle$Holder.invokeVirtual(java.lang.Object, java.lang.Object)'> (0x00000000cc153328) 
thrown [s\src\hotspot\share\interpreter\linkResolver.cpp, line 759]
Event: 1.344 Thread 0x00000227c46f7890 Exception <a 'java/lang/NoSuchMethodError'{0x00000000cc317f18}: 'void java.lang.invoke.DirectMethodHandle$Holder.invokeStaticInit(java.lang.Object)'> (0x00000000cc317f18) 
thrown [s\src\hotspot\share\interpreter\linkResolver.cpp, line 759]

VM Operations (20 events):
Event: 1.260 Executing VM operation: HandshakeAllThreads
Event: 1.260 Executing VM operation: HandshakeAllThreads done
Event: 1.260 Executing VM operation: Cleanup
Event: 1.260 Executing VM operation: Cleanup done
Event: 1.319 Executing VM operation: G1CollectForAllocation
Event: 1.331 Executing VM operation: G1CollectForAllocation done
Event: 1.402 Executing VM operation: HandshakeAllThreads
Event: 1.402 Executing VM operation: HandshakeAllThreads done
Event: 2.402 Executing VM operation: Cleanup
Event: 2.402 Executing VM operation: Cleanup done
Event: 2.405 Executing VM operation: HandshakeAllThreads
Event: 2.405 Executing VM operation: HandshakeAllThreads done
Event: 3.408 Executing VM operation: Cleanup
Event: 3.408 Executing VM operation: Cleanup done
Event: 12.509 Executing VM operation: Cleanup
Event: 12.509 Executing VM operation: Cleanup done
Event: 13.523 Executing VM operation: Cleanup
Event: 13.523 Executing VM operation: Cleanup done
Event: 14.529 Executing VM operation: Cleanup
Event: 14.529 Executing VM operation: Cleanup done

Events (20 events):
Event: 2.527 loading class java/util/concurrent/ForkJoinPool$ForkJoinWorkerThreadFactory
Event: 2.527 loading class java/util/concurrent/ForkJoinPool$ForkJoinWorkerThreadFactory done
Event: 2.527 loading class java/util/concurrent/ForkJoinPool$DefaultForkJoinWorkerThreadFactory done
Event: 2.527 loading class java/util/concurrent/ForkJoinPool$1
Event: 2.527 loading class java/util/concurrent/ForkJoinPool$1 done
Event: 2.527 loading class java/util/concurrent/ForkJoinPool$DefaultCommonPoolForkJoinWorkerThreadFactory
Event: 2.527 loading class java/util/concurrent/ForkJoinPool$DefaultCommonPoolForkJoinWorkerThreadFactory done
Event: 2.527 loading class java/util/concurrent/ForkJoinPool$WorkQueue
Event: 2.528 loading class java/util/concurrent/ForkJoinPool$WorkQueue done
Event: 2.529 loading class java/util/concurrent/ForkJoinWorkerThread
Event: 2.530 loading class java/util/concurrent/ForkJoinWorkerThread done
Event: 6.264 Thread 0x00000227dc4baa30 Thread exited: 0x00000227dc4baa30
Event: 12.309 loading class javax/swing/event/ChangeEvent
Event: 12.309 loading class javax/swing/event/ChangeEvent done
Event: 12.664 loading class java/awt/LightweightDispatcher$2
Event: 12.664 loading class java/awt/LightweightDispatcher$2 done
Event: 13.859 loading class java/awt/KeyboardFocusManager$2
Event: 13.859 loading class java/awt/KeyboardFocusManager$2 done
Event: 13.860 loading class sun/awt/SunToolkit$1
Event: 13.860 loading class sun/awt/SunToolkit$1 done


Dynamic libraries:
0x00007ff70bf80000 - 0x00007ff70bf8e000 	C:\Users\Hp\.p2\pool\plugins\org.eclipse.justj.openjdk.hotspot.jre.full.win32.x86_64_17.0.6.v20230204-1729\jre\bin\javaw.exe
0x00007fff895b0000 - 0x00007fff897c4000 	C:\WINDOWS\SYSTEM32\ntdll.dll
0x00007fff88350000 - 0x00007fff88412000 	C:\WINDOWS\System32\KERNEL32.DLL
0x00007fff869b0000 - 0x00007fff86d53000 	C:\WINDOWS\System32\KERNELBASE.dll
0x00007fff86ec0000 - 0x00007fff86fd1000 	C:\WINDOWS\System32\ucrtbase.dll
0x00007fff4b5c0000 - 0x00007fff4b5d7000 	C:\Users\Hp\.p2\pool\plugins\org.eclipse.justj.openjdk.hotspot.jre.full.win32.x86_64_17.0.6.v20230204-1729\jre\bin\jli.dll
0x00007fff877c0000 - 0x00007fff8796a000 	C:\WINDOWS\System32\USER32.dll
0x00007fff86e90000 - 0x00007fff86eb6000 	C:\WINDOWS\System32\win32u.dll
0x00007fff87970000 - 0x00007fff87999000 	C:\WINDOWS\System32\GDI32.dll
0x00007fff87270000 - 0x00007fff87389000 	C:\WINDOWS\System32\gdi32full.dll
0x00007fff871d0000 - 0x00007fff8726a000 	C:\WINDOWS\System32\msvcp_win.dll
0x00007fff6e9e0000 - 0x00007fff6ec6e000 	C:\WINDOWS\WinSxS\amd64_microsoft.windows.common-controls_6595b64144ccf1df_6.0.22621.1635_none_270f70857386168e\COMCTL32.dll
0x00007fff879a0000 - 0x00007fff87a47000 	C:\WINDOWS\System32\msvcrt.dll
0x00007fff4a660000 - 0x00007fff4a679000 	C:\Users\Hp\.p2\pool\plugins\org.eclipse.justj.openjdk.hotspot.jre.full.win32.x86_64_17.0.6.v20230204-1729\jre\bin\VCRUNTIME140.dll
0x00007fff889d0000 - 0x00007fff88a01000 	C:\WINDOWS\System32\IMM32.DLL
0x00007fff70fb0000 - 0x00007fff70fbc000 	C:\Users\Hp\.p2\pool\plugins\org.eclipse.justj.openjdk.hotspot.jre.full.win32.x86_64_17.0.6.v20230204-1729\jre\bin\vcruntime140_1.dll
0x00007fff34af0000 - 0x00007fff34b81000 	C:\Users\Hp\.p2\pool\plugins\org.eclipse.justj.openjdk.hotspot.jre.full.win32.x86_64_17.0.6.v20230204-1729\jre\bin\msvcp140.dll
0x00007fff28e40000 - 0x00007fff29a87000 	C:\Users\Hp\.p2\pool\plugins\org.eclipse.justj.openjdk.hotspot.jre.full.win32.x86_64_17.0.6.v20230204-1729\jre\bin\server\jvm.dll
0x00007fff894c0000 - 0x00007fff8956e000 	C:\WINDOWS\System32\ADVAPI32.dll
0x00007fff87710000 - 0x00007fff877b4000 	C:\WINDOWS\System32\sechost.dll
0x00007fff88ea0000 - 0x00007fff88fb7000 	C:\WINDOWS\System32\RPCRT4.dll
0x00007fff70060000 - 0x00007fff70069000 	C:\WINDOWS\SYSTEM32\WSOCK32.dll
0x00007fff88fc0000 - 0x00007fff89031000 	C:\WINDOWS\System32\WS2_32.dll
0x00007fff81010000 - 0x00007fff81044000 	C:\WINDOWS\SYSTEM32\WINMM.dll
0x00007fff7f970000 - 0x00007fff7f97a000 	C:\WINDOWS\SYSTEM32\VERSION.dll
0x00007fff859f0000 - 0x00007fff85a08000 	C:\WINDOWS\SYSTEM32\kernel.appcore.dll
0x00007fff79ae0000 - 0x00007fff79aea000 	C:\Users\Hp\.p2\pool\plugins\org.eclipse.justj.openjdk.hotspot.jre.full.win32.x86_64_17.0.6.v20230204-1729\jre\bin\jimage.dll
0x00007fff74a00000 - 0x00007fff74c2e000 	C:\WINDOWS\SYSTEM32\DBGHELP.DLL
0x00007fff88530000 - 0x00007fff888b9000 	C:\WINDOWS\System32\combase.dll
0x00007fff88cf0000 - 0x00007fff88dc7000 	C:\WINDOWS\System32\OLEAUT32.dll
0x00007fff749c0000 - 0x00007fff749f2000 	C:\WINDOWS\SYSTEM32\dbgcore.DLL
0x00007fff86fe0000 - 0x00007fff8705a000 	C:\WINDOWS\System32\bcryptPrimitives.dll
0x00007fff74f40000 - 0x00007fff74f65000 	C:\Users\Hp\.p2\pool\plugins\org.eclipse.justj.openjdk.hotspot.jre.full.win32.x86_64_17.0.6.v20230204-1729\jre\bin\java.dll
0x00007fff60480000 - 0x00007fff60498000 	C:\Users\Hp\.p2\pool\plugins\org.eclipse.justj.openjdk.hotspot.jre.full.win32.x86_64_17.0.6.v20230204-1729\jre\bin\zip.dll
0x00007fff87a50000 - 0x00007fff88249000 	C:\WINDOWS\System32\SHELL32.dll
0x00007fff849a0000 - 0x00007fff8526e000 	C:\WINDOWS\SYSTEM32\windows.storage.dll
0x00007fff84860000 - 0x00007fff8499e000 	C:\WINDOWS\SYSTEM32\wintypes.dll
0x00007fff88250000 - 0x00007fff88341000 	C:\WINDOWS\System32\SHCORE.dll
0x00007fff88dd0000 - 0x00007fff88e2e000 	C:\WINDOWS\System32\shlwapi.dll
0x00007fff868e0000 - 0x00007fff86906000 	C:\WINDOWS\SYSTEM32\profapi.dll
0x00007fff60460000 - 0x00007fff60479000 	C:\Users\Hp\.p2\pool\plugins\org.eclipse.justj.openjdk.hotspot.jre.full.win32.x86_64_17.0.6.v20230204-1729\jre\bin\net.dll
0x00007fff7f620000 - 0x00007fff7f757000 	C:\WINDOWS\SYSTEM32\WINHTTP.dll
0x00007fff85e70000 - 0x00007fff85ed9000 	C:\WINDOWS\system32\mswsock.dll
0x00007fff60440000 - 0x00007fff60455000 	C:\Users\Hp\.p2\pool\plugins\org.eclipse.justj.openjdk.hotspot.jre.full.win32.x86_64_17.0.6.v20230204-1729\jre\bin\nio.dll
0x00007fff34960000 - 0x00007fff34aee000 	C:\Users\Hp\.p2\pool\plugins\org.eclipse.justj.openjdk.hotspot.jre.full.win32.x86_64_17.0.6.v20230204-1729\jre\bin\awt.dll
0x00007fff83cb0000 - 0x00007fff83d47000 	C:\WINDOWS\SYSTEM32\apphelp.dll
0x00007fff843e0000 - 0x00007fff8440b000 	C:\WINDOWS\system32\DWMAPI.DLL
0x00007fff83fb0000 - 0x00007fff8405b000 	C:\WINDOWS\system32\uxtheme.dll
0x00007fff34860000 - 0x00007fff34960000 	C:\WINDOWS\system32\opengl32.dll
0x00007fff49a80000 - 0x00007fff49aad000 	C:\WINDOWS\SYSTEM32\GLU32.dll
0x00007fff840b0000 - 0x00007fff840e8000 	C:\WINDOWS\SYSTEM32\dxcore.dll
0x00007fff88bb0000 - 0x00007fff88cd7000 	C:\WINDOWS\System32\MSCTF.dll
0x00007fff87550000 - 0x00007fff876ec000 	C:\WINDOWS\System32\ole32.dll
0x00007fff44330000 - 0x00007fff444d9000 	C:\WINDOWS\system32\d3d9.dll
0x00007fff7d0e0000 - 0x00007fff7d2bb000 	C:\WINDOWS\System32\DriverStore\FileRepository\u0372698.inf_amd64_2366d501a5d0e392\B370279\aticfx64.dll
0x00007fff52c50000 - 0x00007fff52c83000 	C:\WINDOWS\System32\DriverStore\FileRepository\u0372698.inf_amd64_2366d501a5d0e392\B370279\atiu9p64.dll
0x00007fff3fed0000 - 0x00007fff40c2a000 	C:\WINDOWS\System32\DriverStore\FileRepository\u0372698.inf_amd64_2366d501a5d0e392\B370279\atiumd64.dll
0x0000000051320000 - 0x00000000521eb000 	C:\WINDOWS\System32\DriverStore\FileRepository\u0372698.inf_amd64_2366d501a5d0e392\B370279\atiumd6a.dll
0x00007fff86880000 - 0x00007fff868cd000 	C:\WINDOWS\SYSTEM32\POWRPROF.dll
0x00007fff86860000 - 0x00007fff86873000 	C:\WINDOWS\SYSTEM32\UMPDC.dll
0x00007fff7aee0000 - 0x00007fff7af10000 	C:\WINDOWS\SYSTEM32\amdihk64.dll
0x00007fff80fc0000 - 0x00007fff81008000 	C:\WINDOWS\SYSTEM32\directxdatabasehelper.dll
0x00007fff48f80000 - 0x00007fff48fad000 	C:\Users\Hp\.p2\pool\plugins\org.eclipse.justj.openjdk.hotspot.jre.full.win32.x86_64_17.0.6.v20230204-1729\jre\bin\javajpeg.dll
0x00007fff347d0000 - 0x00007fff34856000 	C:\Users\Hp\.p2\pool\plugins\org.eclipse.justj.openjdk.hotspot.jre.full.win32.x86_64_17.0.6.v20230204-1729\jre\bin\freetype.dll
0x00007fff34700000 - 0x00007fff347c5000 	C:\Users\Hp\.p2\pool\plugins\org.eclipse.justj.openjdk.hotspot.jre.full.win32.x86_64_17.0.6.v20230204-1729\jre\bin\fontmanager.dll
0x00007fff75ed0000 - 0x00007fff75ffd000 	C:\WINDOWS\SYSTEM32\textinputframework.dll
0x00007fff83880000 - 0x00007fff839b3000 	C:\WINDOWS\SYSTEM32\CoreMessaging.dll
0x00007fff803e0000 - 0x00007fff8074c000 	C:\WINDOWS\SYSTEM32\CoreUIComponents.dll
0x00007fff860f0000 - 0x00007fff860fc000 	C:\WINDOWS\SYSTEM32\CRYPTBASE.DLL

dbghelp: loaded successfully - version: 4.0.5 - missing functions: none
symbol engine: initialized successfully - sym options: 0x614 - pdb path: .;C:\Users\Hp\.p2\pool\plugins\org.eclipse.justj.openjdk.hotspot.jre.full.win32.x86_64_17.0.6.v20230204-1729\jre\bin;C:\WINDOWS\SYSTEM32;C:\WINDOWS\WinSxS\amd64_microsoft.windows.common-controls_6595b64144ccf1df_6.0.22621.1635_none_270f70857386168e;C:\Users\Hp\.p2\pool\plugins\org.eclipse.justj.openjdk.hotspot.jre.full.win32.x86_64_17.0.6.v20230204-1729\jre\bin\server;C:\WINDOWS\System32\DriverStore\FileRepository\u0372698.inf_amd64_2366d501a5d0e392\B370279

VM Arguments:
jvm_args: -Dfile.encoding=UTF-8 -XX:+ShowCodeDetailsInExceptionMessages 
java_command: BankProject.Transaction
java_class_path (initial): D:\javafiles\BankManagementProject\bin;D:\javafiles\jcalendar-tz-1.3.3-4.jar;D:\javafiles\postgresql-42.5.4.jar
Launcher Type: SUN_STANDARD

[Global flags]
     intx CICompilerCount                          = 3                                         {product} {ergonomic}
     uint ConcGCThreads                            = 1                                         {product} {ergonomic}
     uint G1ConcRefinementThreads                  = 4                                         {product} {ergonomic}
   size_t G1HeapRegionSize                         = 1048576                                   {product} {ergonomic}
    uintx GCDrainStackTargetSize                   = 64                                        {product} {ergonomic}
   size_t InitialHeapSize                          = 58720256                                  {product} {ergonomic}
   size_t MarkStackSize                            = 4194304                                   {product} {ergonomic}
   size_t MaxHeapSize                              = 926941184                                 {product} {ergonomic}
   size_t MaxNewSize                               = 555745280                                 {product} {ergonomic}
   size_t MinHeapDeltaBytes                        = 1048576                                   {product} {ergonomic}
   size_t MinHeapSize                              = 8388608                                   {product} {ergonomic}
    uintx NonNMethodCodeHeapSize                   = 5832780                                {pd product} {ergonomic}
    uintx NonProfiledCodeHeapSize                  = 122912730                              {pd product} {ergonomic}
    uintx ProfiledCodeHeapSize                     = 122912730                              {pd product} {ergonomic}
    uintx ReservedCodeCacheSize                    = 251658240                              {pd product} {ergonomic}
     bool SegmentedCodeCache                       = true                                      {product} {ergonomic}
     bool ShowCodeDetailsInExceptionMessages       = true                                   {manageable} {command line}
   size_t SoftMaxHeapSize                          = 926941184                              {manageable} {ergonomic}
     bool UseCompressedClassPointers               = true                           {product lp64_product} {ergonomic}
     bool UseCompressedOops                        = true                           {product lp64_product} {ergonomic}
     bool UseG1GC                                  = true                                      {product} {ergonomic}
     bool UseLargePagesIndividualAllocation        = false                                  {pd product} {ergonomic}

Logging:
Log output configuration:
 #0: stdout all=warning uptime,level,tags
 #1: stderr all=off uptime,level,tags

Environment Variables:
JAVA_HOME=C:\Users\Hp\AppData\Local\Programs\Eclipse Adoptium\jdk-17.0.7.7-hotspot\
PATH=C:/Users/Hp/.p2/pool/plugins/org.eclipse.justj.openjdk.hotspot.jre.full.win32.x86_64_17.0.6.v20230204-1729/jre/bin/server;C:/Users/Hp/.p2/pool/plugins/org.eclipse.justj.openjdk.hotspot.jre.full.win32.x86_64_17.0.6.v20230204-1729/jre/bin;C:\WINDOWS\system32;C:\WINDOWS;C:\WINDOWS\System32\Wbem;C:\WINDOWS\System32\WindowsPowerShell\v1.0\;C:\WINDOWS\System32\OpenSSH\;C:\Program Files\nodejs\;C:\Users\Hp\AppData\Local\Programs\Eclipse Adoptium\jdk-17.0.7.7-hotspot\bin;C:\Users\Hp\AppData\Local\Microsoft\WindowsApps;;C:\Users\Hp\AppData\Local\Programs\Microsoft VS Code\bin;C:\Users\Hp\AppData\Roaming\npm;C:\WINDOWS\System32;
USERNAME=Hp
OS=Windows_NT
PROCESSOR_IDENTIFIER=AMD64 Family 23 Model 24 Stepping 1, AuthenticAMD
TMP=C:\Users\Hp\AppData\Local\Temp
TEMP=C:\Users\Hp\AppData\Local\Temp



---------------  S Y S T E M  ---------------

OS:
 Windows 11 , 64 bit Build 22621 (10.0.22621.1928)
OS uptime: 4 days 0:41 hours

CPU: total 4 (initial active 4) (4 cores per cpu, 2 threads per core) family 23 model 24 stepping 1 microcode 0x0, cx8, cmov, fxsr, ht, mmx, 3dnowpref, sse, sse2, sse3, ssse3, sse4a, sse4.1, sse4.2, popcnt, lzcnt, tsc, tscinvbit, avx, avx2, aes, clmul, bmi1, bmi2, adx, sha, fma, vzeroupper, clflush, clflushopt

Memory: 4k page, system-wide physical 3530M (110M free)
TotalPageFile size 14282M (AvailPageFile size 0M)
current process WorkingSet (physical memory assigned to process): 111M, peak: 115M
current process commit charge ("private bytes"): 191M, peak: 197M

vm_info: OpenJDK 64-Bit Server VM (17.0.6+10) for windows-amd64 JRE (17.0.6+10), built on Jan 18 2023 10:08:59 by "temurin" with MS VC++ 16.7 (VS2019)

END.
