#
# There is insufficient memory for the Java Runtime Environment to continue.
# Native memory allocation (malloc) failed to allocate 409392 bytes for Chunk::new
# Possible reasons:
#   The system is out of physical RAM or swap space
#   The process is running with CompressedOops enabled, and the Java Heap may be blocking the growth of the native heap
# Possible solutions:
#   Reduce memory load on the system
#   Increase physical memory or swap space
#   Check if swap backing store is full
#   Decrease Java heap size (-Xmx/-Xms)
#   Decrease number of Java threads
#   Decrease Java thread stack sizes (-Xss)
#   Set larger code cache with -XX:ReservedCodeCacheSize=
#   JVM is running with Unscaled Compressed Oops mode in which the Java heap is
#     placed in the first 4GB address space. The Java Heap base address is the
#     maximum limit for the native heap growth. Please use -XX:HeapBaseMinAddress
#     to set the Java Heap base and to place the Java Heap above 4GB virtual address.
# This output file may be truncated or incomplete.
#
#  Out of Memory Error (arena.cpp:189), pid=11324, tid=17064
#
# JRE version: OpenJDK Runtime Environment Temurin-17.0.6+10 (17.0.6+10) (build 17.0.6+10)
# Java VM: OpenJDK 64-Bit Server VM Temurin-17.0.6+10 (17.0.6+10, mixed mode, tiered, compressed oops, compressed class ptrs, g1 gc, windows-amd64)
# No core dump will be written. Minidumps are not enabled by default on client versions of Windows
#

---------------  S U M M A R Y ------------

Command Line: -Dfile.encoding=UTF-8 -XX:+ShowCodeDetailsInExceptionMessages BankProject.BalanceEnquiry

Host: AMD Ryzen 3 3200U with Radeon Vega Mobile Gfx  , 4 cores, 3G,  Windows 11 , 64 bit Build 22621 (10.0.22621.1928)
Time: Tue Jul 25 13:31:40 2023 India Standard Time elapsed time: 2.971418 seconds (0d 0h 0m 2s)

---------------  T H R E A D  ---------------

Current thread (0x00000247ad7100c0):  JavaThread "C2 CompilerThread0" daemon [_thread_in_native, id=17064, stack(0x0000009522100000,0x0000009522200000)]


Current CompileTask:
C2:   2971 1080   !   4       java.util.concurrent.ConcurrentHashMap::transfer (849 bytes)

Stack: [0x0000009522100000,0x0000009522200000]
Native frames: (J=compiled Java code, j=interpreted, Vv=VM code, C=native code)
V  [jvm.dll+0x67741a]
V  [jvm.dll+0x834434]
V  [jvm.dll+0x835bde]
V  [jvm.dll+0x836243]
V  [jvm.dll+0x2457b5]
V  [jvm.dll+0xabafc]
V  [jvm.dll+0xac0cc]
V  [jvm.dll+0x3634e7]
V  [jvm.dll+0x32dda1]
V  [jvm.dll+0x32d24a]
V  [jvm.dll+0x2185f1]
V  [jvm.dll+0x217a11]
V  [jvm.dll+0x1a3d0d]
V  [jvm.dll+0x22742a]
V  [jvm.dll+0x225565]
V  [jvm.dll+0x7ea2cb]
V  [jvm.dll+0x7e483a]
V  [jvm.dll+0x6762c5]
C  [ucrtbase.dll+0x29363]
C  [KERNEL32.DLL+0x126ad]
C  [ntdll.dll+0x5aa68]


---------------  P R O C E S S  ---------------

Threads class SMR info:
_java_thread_list=0x00000247aea8d800, length=15, elements={
0x0000024796b46d20, 0x00000247ad6c1300, 0x00000247ad6c27e0, 0x00000247ad704280,
0x00000247ad706c40, 0x00000247ad7075f0, 0x00000247ad70cb80, 0x00000247ad7100c0,
0x00000247ad719ad0, 0x00000247ad750c20, 0x00000247ae21a570, 0x00000247ae238420,
0x00000247ae4fe090, 0x00000247ae4fea30, 0x00000247ae8ca7e0
}

Java Threads: ( => current thread )
  0x0000024796b46d20 JavaThread "main" [_thread_in_vm, id=22940, stack(0x0000009521400000,0x0000009521500000)]
  0x00000247ad6c1300 JavaThread "Reference Handler" daemon [_thread_blocked, id=6944, stack(0x0000009521b00000,0x0000009521c00000)]
  0x00000247ad6c27e0 JavaThread "Finalizer" daemon [_thread_blocked, id=19208, stack(0x0000009521c00000,0x0000009521d00000)]
  0x00000247ad704280 JavaThread "Signal Dispatcher" daemon [_thread_blocked, id=9692, stack(0x0000009521d00000,0x0000009521e00000)]
  0x00000247ad706c40 JavaThread "Attach Listener" daemon [_thread_blocked, id=25028, stack(0x0000009521e00000,0x0000009521f00000)]
  0x00000247ad7075f0 JavaThread "Service Thread" daemon [_thread_blocked, id=21436, stack(0x0000009521f00000,0x0000009522000000)]
  0x00000247ad70cb80 JavaThread "Monitor Deflation Thread" daemon [_thread_blocked, id=8708, stack(0x0000009522000000,0x0000009522100000)]
=>0x00000247ad7100c0 JavaThread "C2 CompilerThread0" daemon [_thread_in_native, id=17064, stack(0x0000009522100000,0x0000009522200000)]
  0x00000247ad719ad0 JavaThread "C1 CompilerThread0" daemon [_thread_blocked, id=26472, stack(0x0000009522200000,0x0000009522300000)]
  0x00000247ad750c20 JavaThread "Sweeper thread" daemon [_thread_blocked, id=2600, stack(0x0000009522300000,0x0000009522400000)]
  0x00000247ae21a570 JavaThread "Notification Thread" daemon [_thread_blocked, id=27632, stack(0x0000009522400000,0x0000009522500000)]
  0x00000247ae238420 JavaThread "Common-Cleaner" daemon [_thread_blocked, id=21052, stack(0x0000009522600000,0x0000009522700000)]
  0x00000247ae4fe090 JavaThread "Java2D Disposer" daemon [_thread_blocked, id=26456, stack(0x0000009522700000,0x0000009522800000)]
  0x00000247ae4fea30 JavaThread "AWT-Windows" daemon [_thread_in_native, id=13552, stack(0x0000009522900000,0x0000009522a00000)]
  0x00000247ae8ca7e0 JavaThread "Image Fetcher 0" daemon [_thread_blocked, id=12064, stack(0x0000009523000000,0x0000009523100000)]

Other Threads:
  0x0000024796c0e1d0 VMThread "VM Thread" [stack: 0x0000009521a00000,0x0000009521b00000] [id=25084]
  0x00000247ae130d20 WatcherThread [stack: 0x0000009522500000,0x0000009522600000] [id=12128]
  0x0000024796b81e30 GCTaskThread "GC Thread#0" [stack: 0x0000009521500000,0x0000009521600000] [id=18728]
  0x00000247ae939800 GCTaskThread "GC Thread#1" [stack: 0x0000009523100000,0x0000009523200000] [id=2108]
  0x00000247ae941b10 GCTaskThread "GC Thread#2" [stack: 0x0000009523200000,0x0000009523300000] [id=4600]
  0x00000247ae942dd0 GCTaskThread "GC Thread#3" [stack: 0x0000009523300000,0x0000009523400000] [id=8408]
  0x0000024796b8a4f0 ConcurrentGCThread "G1 Main Marker" [stack: 0x0000009521600000,0x0000009521700000] [id=27020]
  0x0000024796b8af00 ConcurrentGCThread "G1 Conc#0" [stack: 0x0000009521700000,0x0000009521800000] [id=24876]
  0x0000024796bc7420 ConcurrentGCThread "G1 Refine#0" [stack: 0x0000009521800000,0x0000009521900000] [id=12940]
  0x0000024796bc8e50 ConcurrentGCThread "G1 Service" [stack: 0x0000009521900000,0x0000009521a00000] [id=21624]

Threads with active compile tasks:
C2 CompilerThread0     3047 1080   !   4       java.util.concurrent.ConcurrentHashMap::transfer (849 bytes)

VM state: not at safepoint (normal execution)

VM Mutex/Monitor currently owned by a thread: None

Heap address: 0x00000000c8c00000, size: 884 MB, Compressed Oops mode: 32-bit

CDS archive(s) not mapped
Compressed class space mapped at: 0x0000000100000000-0x0000000140000000, reserved size: 1073741824
Narrow klass base: 0x0000000000000000, Narrow klass shift: 3, Narrow klass range: 0x140000000

GC Precious Log:
 CPUs: 4 total, 4 available
 Memory: 3530M
 Large Page Support: Disabled
 NUMA Support: Disabled
 Compressed Oops: Enabled (32-bit)
 Heap Region Size: 1M
 Heap Min Capacity: 8M
 Heap Initial Capacity: 56M
 Heap Max Capacity: 884M
 Pre-touch: Disabled
 Parallel Workers: 4
 Concurrent Workers: 1
 Concurrent Refinement Workers: 4
 Periodic GC: Disabled

Heap:
 garbage-first heap   total 57344K, used 15627K [0x00000000c8c00000, 0x0000000100000000)
  region size 1024K, 9 young (9216K), 2 survivors (2048K)
 Metaspace       used 16474K, committed 16640K, reserved 1064960K
  class space    used 1659K, committed 1728K, reserved 1048576K

Heap Regions: E=young(eden), S=young(survivor), O=old, HS=humongous(starts), HC=humongous(continues), CS=collection set, F=free, OA=open archive, CA=closed archive, TAMS=top-at-mark-start (previous, next)
|   0|0x00000000c8c00000, 0x00000000c8d00000, 0x00000000c8d00000|100%|HS|  |TAMS 0x00000000c8c00000, 0x00000000c8c00000| Complete 
|   1|0x00000000c8d00000, 0x00000000c8e00000, 0x00000000c8e00000|100%|HC|  |TAMS 0x00000000c8d00000, 0x00000000c8d00000| Complete 
|   2|0x00000000c8e00000, 0x00000000c8f00000, 0x00000000c8f00000|100%|HC|  |TAMS 0x00000000c8e00000, 0x00000000c8e00000| Complete 
|   3|0x00000000c8f00000, 0x00000000c9000000, 0x00000000c9000000|100%|HC|  |TAMS 0x00000000c8f00000, 0x00000000c8f00000| Complete 
|   4|0x00000000c9000000, 0x00000000c9100000, 0x00000000c9100000|100%|HS|  |TAMS 0x00000000c9000000, 0x00000000c9000000| Complete 
|   5|0x00000000c9100000, 0x00000000c9200000, 0x00000000c9200000|100%|HC|  |TAMS 0x00000000c9100000, 0x00000000c9100000| Complete 
|   6|0x00000000c9200000, 0x00000000c9300000, 0x00000000c9300000|100%|HC|  |TAMS 0x00000000c9200000, 0x00000000c9200000| Complete 
|   7|0x00000000c9300000, 0x00000000c9400000, 0x00000000c9400000|100%|HC|  |TAMS 0x00000000c9300000, 0x00000000c9300000| Complete 
|   8|0x00000000c9400000, 0x00000000c9442e00, 0x00000000c9500000| 26%| O|  |TAMS 0x00000000c9400000, 0x00000000c9400000| Untracked 
|   9|0x00000000c9500000, 0x00000000c9500000, 0x00000000c9600000|  0%| F|  |TAMS 0x00000000c9500000, 0x00000000c9500000| Untracked 
|  10|0x00000000c9600000, 0x00000000c9600000, 0x00000000c9700000|  0%| F|  |TAMS 0x00000000c9600000, 0x00000000c9600000| Untracked 
|  11|0x00000000c9700000, 0x00000000c9700000, 0x00000000c9800000|  0%| F|  |TAMS 0x00000000c9700000, 0x00000000c9700000| Untracked 
|  12|0x00000000c9800000, 0x00000000c9800000, 0x00000000c9900000|  0%| F|  |TAMS 0x00000000c9800000, 0x00000000c9800000| Untracked 
|  13|0x00000000c9900000, 0x00000000c9900000, 0x00000000c9a00000|  0%| F|  |TAMS 0x00000000c9900000, 0x00000000c9900000| Untracked 
|  14|0x00000000c9a00000, 0x00000000c9a00000, 0x00000000c9b00000|  0%| F|  |TAMS 0x00000000c9a00000, 0x00000000c9a00000| Untracked 
|  15|0x00000000c9b00000, 0x00000000c9b00000, 0x00000000c9c00000|  0%| F|  |TAMS 0x00000000c9b00000, 0x00000000c9b00000| Untracked 
|  16|0x00000000c9c00000, 0x00000000c9c00000, 0x00000000c9d00000|  0%| F|  |TAMS 0x00000000c9c00000, 0x00000000c9c00000| Untracked 
|  17|0x00000000c9d00000, 0x00000000c9d00000, 0x00000000c9e00000|  0%| F|  |TAMS 0x00000000c9d00000, 0x00000000c9d00000| Untracked 
|  18|0x00000000c9e00000, 0x00000000c9e00000, 0x00000000c9f00000|  0%| F|  |TAMS 0x00000000c9e00000, 0x00000000c9e00000| Untracked 
|  19|0x00000000c9f00000, 0x00000000c9f00000, 0x00000000ca000000|  0%| F|  |TAMS 0x00000000c9f00000, 0x00000000c9f00000| Untracked 
|  20|0x00000000ca000000, 0x00000000ca000000, 0x00000000ca100000|  0%| F|  |TAMS 0x00000000ca000000, 0x00000000ca000000| Untracked 
|  21|0x00000000ca100000, 0x00000000ca100000, 0x00000000ca200000|  0%| F|  |TAMS 0x00000000ca100000, 0x00000000ca100000| Untracked 
|  22|0x00000000ca200000, 0x00000000ca200000, 0x00000000ca300000|  0%| F|  |TAMS 0x00000000ca200000, 0x00000000ca200000| Untracked 
|  23|0x00000000ca300000, 0x00000000ca300000, 0x00000000ca400000|  0%| F|  |TAMS 0x00000000ca300000, 0x00000000ca300000| Untracked 
|  24|0x00000000ca400000, 0x00000000ca400000, 0x00000000ca500000|  0%| F|  |TAMS 0x00000000ca400000, 0x00000000ca400000| Untracked 
|  25|0x00000000ca500000, 0x00000000ca500000, 0x00000000ca600000|  0%| F|  |TAMS 0x00000000ca500000, 0x00000000ca500000| Untracked 
|  26|0x00000000ca600000, 0x00000000ca600000, 0x00000000ca700000|  0%| F|  |TAMS 0x00000000ca600000, 0x00000000ca600000| Untracked 
|  27|0x00000000ca700000, 0x00000000ca700000, 0x00000000ca800000|  0%| F|  |TAMS 0x00000000ca700000, 0x00000000ca700000| Untracked 
|  28|0x00000000ca800000, 0x00000000ca800000, 0x00000000ca900000|  0%| F|  |TAMS 0x00000000ca800000, 0x00000000ca800000| Untracked 
|  29|0x00000000ca900000, 0x00000000ca900000, 0x00000000caa00000|  0%| F|  |TAMS 0x00000000ca900000, 0x00000000ca900000| Untracked 
|  30|0x00000000caa00000, 0x00000000caa00000, 0x00000000cab00000|  0%| F|  |TAMS 0x00000000caa00000, 0x00000000caa00000| Untracked 
|  31|0x00000000cab00000, 0x00000000cab00000, 0x00000000cac00000|  0%| F|  |TAMS 0x00000000cab00000, 0x00000000cab00000| Untracked 
|  32|0x00000000cac00000, 0x00000000cac00000, 0x00000000cad00000|  0%| F|  |TAMS 0x00000000cac00000, 0x00000000cac00000| Untracked 
|  33|0x00000000cad00000, 0x00000000cad00000, 0x00000000cae00000|  0%| F|  |TAMS 0x00000000cad00000, 0x00000000cad00000| Untracked 
|  34|0x00000000cae00000, 0x00000000cae00000, 0x00000000caf00000|  0%| F|  |TAMS 0x00000000cae00000, 0x00000000cae00000| Untracked 
|  35|0x00000000caf00000, 0x00000000caf00000, 0x00000000cb000000|  0%| F|  |TAMS 0x00000000caf00000, 0x00000000caf00000| Untracked 
|  36|0x00000000cb000000, 0x00000000cb000000, 0x00000000cb100000|  0%| F|  |TAMS 0x00000000cb000000, 0x00000000cb000000| Untracked 
|  37|0x00000000cb100000, 0x00000000cb100000, 0x00000000cb200000|  0%| F|  |TAMS 0x00000000cb100000, 0x00000000cb100000| Untracked 
|  38|0x00000000cb200000, 0x00000000cb200000, 0x00000000cb300000|  0%| F|  |TAMS 0x00000000cb200000, 0x00000000cb200000| Untracked 
|  39|0x00000000cb300000, 0x00000000cb300000, 0x00000000cb400000|  0%| F|  |TAMS 0x00000000cb300000, 0x00000000cb300000| Untracked 
|  40|0x00000000cb400000, 0x00000000cb400000, 0x00000000cb500000|  0%| F|  |TAMS 0x00000000cb400000, 0x00000000cb400000| Untracked 
|  41|0x00000000cb500000, 0x00000000cb600000, 0x00000000cb600000|100%| S|CS|TAMS 0x00000000cb500000, 0x00000000cb500000| Complete 
|  42|0x00000000cb600000, 0x00000000cb700000, 0x00000000cb700000|100%| S|CS|TAMS 0x00000000cb600000, 0x00000000cb600000| Complete 
|  43|0x00000000cb700000, 0x00000000cb700000, 0x00000000cb800000|  0%| F|  |TAMS 0x00000000cb700000, 0x00000000cb700000| Untracked 
|  44|0x00000000cb800000, 0x00000000cb800000, 0x00000000cb900000|  0%| F|  |TAMS 0x00000000cb800000, 0x00000000cb800000| Untracked 
|  45|0x00000000cb900000, 0x00000000cb900000, 0x00000000cba00000|  0%| F|  |TAMS 0x00000000cb900000, 0x00000000cb900000| Untracked 
|  46|0x00000000cba00000, 0x00000000cba00000, 0x00000000cbb00000|  0%| F|  |TAMS 0x00000000cba00000, 0x00000000cba00000| Untracked 
|  47|0x00000000cbb00000, 0x00000000cbb00000, 0x00000000cbc00000|  0%| F|  |TAMS 0x00000000cbb00000, 0x00000000cbb00000| Untracked 
|  48|0x00000000cbc00000, 0x00000000cbc00000, 0x00000000cbd00000|  0%| F|  |TAMS 0x00000000cbc00000, 0x00000000cbc00000| Untracked 
|  49|0x00000000cbd00000, 0x00000000cbdd9cb8, 0x00000000cbe00000| 85%| E|  |TAMS 0x00000000cbd00000, 0x00000000cbd00000| Complete 
|  50|0x00000000cbe00000, 0x00000000cbf00000, 0x00000000cbf00000|100%| E|CS|TAMS 0x00000000cbe00000, 0x00000000cbe00000| Complete 
|  51|0x00000000cbf00000, 0x00000000cc000000, 0x00000000cc000000|100%| E|CS|TAMS 0x00000000cbf00000, 0x00000000cbf00000| Complete 
|  52|0x00000000cc000000, 0x00000000cc0ffa88, 0x00000000cc100000| 99%| E|  |TAMS 0x00000000cc000000, 0x00000000cc000000| Complete 
|  53|0x00000000cc100000, 0x00000000cc200000, 0x00000000cc200000|100%| E|CS|TAMS 0x00000000cc100000, 0x00000000cc100000| Complete 
|  54|0x00000000cc200000, 0x00000000cc300000, 0x00000000cc300000|100%| E|CS|TAMS 0x00000000cc200000, 0x00000000cc200000| Complete 
|  55|0x00000000cc300000, 0x00000000cc400000, 0x00000000cc400000|100%| E|CS|TAMS 0x00000000cc300000, 0x00000000cc300000| Complete 

Card table byte_map: [0x00000247a9200000,0x00000247a93c0000] _byte_map_base: 0x00000247a8bba000

Marking Bits (Prev, Next): (CMBitMap*) 0x0000024796b82440, (CMBitMap*) 0x0000024796b82480
 Prev Bits: [0x00000247a9580000, 0x00000247aa350000)
 Next Bits: [0x00000247aa350000, 0x00000247ab120000)

Polling page: 0x0000024794a40000

Metaspace:

Usage:
  Non-class:     14.50 MB used.
      Class:      1.62 MB used.
       Both:     16.12 MB used.

Virtual space:
  Non-class space:       16.00 MB reserved,      14.62 MB ( 91%) committed,  2 nodes.
      Class space:        1.00 GB reserved,       1.69 MB ( <1%) committed,  1 nodes.
             Both:        1.02 GB reserved,      16.31 MB (  2%) committed. 

Chunk freelists:
   Non-Class:  720.00 KB
       Class:  2.19 MB
        Both:  2.89 MB

MaxMetaspaceSize: unlimited
CompressedClassSpaceSize: 1.00 GB
Initial GC threshold: 21.00 MB
Current GC threshold: 21.00 MB
CDS: off
MetaspaceReclaimPolicy: balanced
 - commit_granule_bytes: 65536.
 - commit_granule_words: 8192.
 - virtual_space_node_default_size: 1048576.
 - enlarge_chunks_in_place: 1.
 - new_chunks_are_fully_committed: 0.
 - uncommit_free_chunks: 1.
 - use_allocation_guard: 0.
 - handle_deallocations: 1.


Internal statistics:

num_allocs_failed_limit: 0.
num_arena_births: 138.
num_arena_deaths: 0.
num_vsnodes_births: 3.
num_vsnodes_deaths: 0.
num_space_committed: 261.
num_space_uncommitted: 0.
num_chunks_returned_to_freelist: 0.
num_chunks_taken_from_freelist: 289.
num_chunk_merges: 0.
num_chunk_splits: 148.
num_chunks_enlarged: 64.
num_purges: 0.
num_inconsistent_stats: 0.

CodeHeap 'non-profiled nmethods': size=120000Kb used=354Kb max_used=354Kb free=119645Kb
 bounds [0x00000247a1cd0000, 0x00000247a1f40000, 0x00000247a9200000]
CodeHeap 'profiled nmethods': size=120000Kb used=1964Kb max_used=1964Kb free=118035Kb
 bounds [0x000002479a200000, 0x000002479a470000, 0x00000247a1730000]
CodeHeap 'non-nmethods': size=5760Kb used=1235Kb max_used=1250Kb free=4524Kb
 bounds [0x00000247a1730000, 0x00000247a19a0000, 0x00000247a1cd0000]
 total_blobs=1651 nmethods=1100 adapters=464
 compilation: enabled
              stopped_count=0, restarted_count=0
 full_count=0

Compilation events (20 events):
Event: 2.931 Thread 0x00000247ad719ad0 nmethod 1075 0x000002479a3d3610 code [0x000002479a3d38c0, 0x000002479a3d45b8]
Event: 2.931 Thread 0x00000247ad719ad0 1076       3       java.util.zip.InflaterInputStream::ensureOpen (18 bytes)
Event: 2.932 Thread 0x00000247ad719ad0 nmethod 1076 0x000002479a3d4b90 code [0x000002479a3d4d40, 0x000002479a3d4f48]
Event: 2.932 Thread 0x00000247ad719ad0 1077       3       java.lang.StringUTF16::compress (50 bytes)
Event: 2.932 Thread 0x00000247ad719ad0 nmethod 1077 0x000002479a3d5010 code [0x000002479a3d51c0, 0x000002479a3d5418]
Event: 2.932 Thread 0x00000247ad719ad0 1078       3       java.io.RandomAccessFile::read (8 bytes)
Event: 2.932 Thread 0x00000247ad719ad0 nmethod 1078 0x000002479a3d5590 code [0x000002479a3d5720, 0x000002479a3d5868]
Event: 2.940 Thread 0x00000247ad719ad0 1081       3       java.io.RandomAccessFile::seek (22 bytes)
Event: 2.940 Thread 0x00000247ad719ad0 nmethod 1081 0x000002479a3d5910 code [0x000002479a3d5ac0, 0x000002479a3d5cf8]
Event: 2.940 Thread 0x00000247ad719ad0 1085       3       java.util.WeakHashMap::indexFor (6 bytes)
Event: 2.941 Thread 0x00000247ad719ad0 nmethod 1085 0x000002479a3d5e10 code [0x000002479a3d5fa0, 0x000002479a3d6098]
Event: 2.941 Thread 0x00000247ad719ad0 1083       3       java.util.WeakHashMap::maskNull (12 bytes)
Event: 2.941 Thread 0x00000247ad719ad0 nmethod 1083 0x000002479a3d6110 code [0x000002479a3d62a0, 0x000002479a3d63d8]
Event: 2.941 Thread 0x00000247ad719ad0 1084       3       java.util.WeakHashMap::hash (28 bytes)
Event: 2.941 Thread 0x00000247ad7100c0 nmethod 1067 0x00000247a1d27390 code [0x00000247a1d27520, 0x00000247a1d27738]
Event: 2.941 Thread 0x00000247ad7100c0 1080   !   4       java.util.concurrent.ConcurrentHashMap::transfer (849 bytes)
Event: 2.941 Thread 0x00000247ad719ad0 nmethod 1084 0x000002479a3d6490 code [0x000002479a3d6640, 0x000002479a3d6828]
Event: 2.942 Thread 0x00000247ad719ad0 1086       3       sun.net.util.IPAddressUtil::checkHostString (53 bytes)
Event: 2.943 Thread 0x00000247ad719ad0 nmethod 1086 0x000002479a3d6910 code [0x000002479a3d6bc0, 0x000002479a3d7748]
Event: 2.943 Thread 0x00000247ad719ad0 1087       3       java.net.URLStreamHandler::parseURL (1201 bytes)

GC Heap History (2 events):
Event: 2.071 GC heap before
{Heap before GC invocations=0 (full 0):
 garbage-first heap   total 57344K, used 21504K [0x00000000c8c00000, 0x0000000100000000)
  region size 1024K, 13 young (13312K), 0 survivors (0K)
 Metaspace       used 12127K, committed 12352K, reserved 1064960K
  class space    used 1148K, committed 1280K, reserved 1048576K
}
Event: 2.077 GC heap after
{Heap after GC invocations=1 (full 0):
 garbage-first heap   total 57344K, used 10507K [0x00000000c8c00000, 0x0000000100000000)
  region size 1024K, 2 young (2048K), 2 survivors (2048K)
 Metaspace       used 12127K, committed 12352K, reserved 1064960K
  class space    used 1148K, committed 1280K, reserved 1048576K
}

Dll operation events (9 events):
Event: 0.043 Loaded shared library C:\Users\Hp\.p2\pool\plugins\org.eclipse.justj.openjdk.hotspot.jre.full.win32.x86_64_17.0.6.v20230204-1729\jre\bin\java.dll
Event: 0.774 Loaded shared library C:\Users\Hp\.p2\pool\plugins\org.eclipse.justj.openjdk.hotspot.jre.full.win32.x86_64_17.0.6.v20230204-1729\jre\bin\jimage.dll
Event: 0.837 Loaded shared library C:\Users\Hp\.p2\pool\plugins\org.eclipse.justj.openjdk.hotspot.jre.full.win32.x86_64_17.0.6.v20230204-1729\jre\bin\net.dll
Event: 0.847 Loaded shared library C:\Users\Hp\.p2\pool\plugins\org.eclipse.justj.openjdk.hotspot.jre.full.win32.x86_64_17.0.6.v20230204-1729\jre\bin\nio.dll
Event: 0.871 Loaded shared library C:\Users\Hp\.p2\pool\plugins\org.eclipse.justj.openjdk.hotspot.jre.full.win32.x86_64_17.0.6.v20230204-1729\jre\bin\zip.dll
Event: 1.193 Loaded shared library C:\Users\Hp\.p2\pool\plugins\org.eclipse.justj.openjdk.hotspot.jre.full.win32.x86_64_17.0.6.v20230204-1729\jre\bin\awt.dll
Event: 1.925 Loaded shared library C:\Users\Hp\.p2\pool\plugins\org.eclipse.justj.openjdk.hotspot.jre.full.win32.x86_64_17.0.6.v20230204-1729\jre\bin\javajpeg.dll
Event: 2.332 Loaded shared library C:\Users\Hp\.p2\pool\plugins\org.eclipse.justj.openjdk.hotspot.jre.full.win32.x86_64_17.0.6.v20230204-1729\jre\bin\management.dll
Event: 2.346 Loaded shared library C:\Users\Hp\.p2\pool\plugins\org.eclipse.justj.openjdk.hotspot.jre.full.win32.x86_64_17.0.6.v20230204-1729\jre\bin\management_ext.dll

Deoptimization events (20 events):
Event: 2.888 Thread 0x0000024796b46d20 DEOPT PACKING pc=0x000002479a3b0dc3 sp=0x00000095214fe180
Event: 2.888 Thread 0x0000024796b46d20 DEOPT UNPACKING pc=0x00000247a1787143 sp=0x00000095214fd608 mode 0
Event: 2.888 Thread 0x0000024796b46d20 DEOPT PACKING pc=0x000002479a3b0dc3 sp=0x00000095214fe180
Event: 2.888 Thread 0x0000024796b46d20 DEOPT UNPACKING pc=0x00000247a1787143 sp=0x00000095214fd608 mode 0
Event: 2.888 Thread 0x0000024796b46d20 DEOPT PACKING pc=0x000002479a3b0dc3 sp=0x00000095214fe180
Event: 2.888 Thread 0x0000024796b46d20 DEOPT UNPACKING pc=0x00000247a1787143 sp=0x00000095214fd608 mode 0
Event: 2.889 Thread 0x0000024796b46d20 DEOPT PACKING pc=0x000002479a3b0dc3 sp=0x00000095214fe180
Event: 2.889 Thread 0x0000024796b46d20 DEOPT UNPACKING pc=0x00000247a1787143 sp=0x00000095214fd608 mode 0
Event: 2.889 Thread 0x0000024796b46d20 DEOPT PACKING pc=0x000002479a3b0dc3 sp=0x00000095214fe180
Event: 2.889 Thread 0x0000024796b46d20 DEOPT UNPACKING pc=0x00000247a1787143 sp=0x00000095214fd608 mode 0
Event: 2.889 Thread 0x0000024796b46d20 DEOPT PACKING pc=0x000002479a3b0dc3 sp=0x00000095214fe180
Event: 2.889 Thread 0x0000024796b46d20 DEOPT UNPACKING pc=0x00000247a1787143 sp=0x00000095214fd608 mode 0
Event: 2.890 Thread 0x0000024796b46d20 DEOPT PACKING pc=0x000002479a3b0dc3 sp=0x00000095214fe180
Event: 2.890 Thread 0x0000024796b46d20 DEOPT UNPACKING pc=0x00000247a1787143 sp=0x00000095214fd608 mode 0
Event: 2.890 Thread 0x0000024796b46d20 DEOPT PACKING pc=0x000002479a3b0dc3 sp=0x00000095214fe180
Event: 2.890 Thread 0x0000024796b46d20 DEOPT UNPACKING pc=0x00000247a1787143 sp=0x00000095214fd608 mode 0
Event: 2.892 Thread 0x0000024796b46d20 Uncommon trap: trap_request=0xffffff45 fr.pc=0x00000247a1d23750 relative=0x0000000000000930
Event: 2.892 Thread 0x0000024796b46d20 Uncommon trap: reason=unstable_if action=reinterpret pc=0x00000247a1d23750 method=sun.security.provider.SHA2.implCompress0([BI)V @ 4 c2
Event: 2.892 Thread 0x0000024796b46d20 DEOPT PACKING pc=0x00000247a1d23750 sp=0x00000095214fe400
Event: 2.893 Thread 0x0000024796b46d20 DEOPT UNPACKING pc=0x00000247a17869a3 sp=0x00000095214fe330 mode 2

Classes unloaded (0 events):
No events

Classes redefined (0 events):
No events

Internal exceptions (20 events):
Event: 1.692 Thread 0x0000024796b46d20 Exception <a 'java/lang/NoSuchMethodError'{0x00000000cc1e1e38}: 'java.lang.Object java.lang.invoke.DirectMethodHandle$Holder.newInvokeSpecial(java.lang.Object, java.lang.Object, java.lang.Object, java.lang.Object, java.lang.Object)'> (0x00000000cc1e1e38) 
thrown [s\src\hotspot\share\interpreter\linkResolver.cpp, line 759]
Event: 1.696 Thread 0x0000024796b46d20 Exception <a 'java/lang/NoSuchMethodError'{0x00000000cc1ed800}: 'java.lang.Object java.lang.invoke.DirectMethodHandle$Holder.invokeStatic(java.lang.Object, int, java.lang.Object, java.lang.Object, java.lang.Object, java.lang.Object)'> (0x00000000cc1ed800) 
thrown [s\src\hotspot\share\interpreter\linkResolver.cpp, line 759]
Event: 1.703 Thread 0x0000024796b46d20 Exception <a 'java/lang/NoSuchMethodError'{0x00000000cc013640}: 'java.lang.Object java.lang.invoke.DirectMethodHandle$Holder.invokeStatic(java.lang.Object, int, java.lang.Object)'> (0x00000000cc013640) 
thrown [s\src\hotspot\share\interpreter\linkResolver.cpp, line 759]
Event: 1.755 Thread 0x0000024796b46d20 Exception <a 'java/lang/ClassNotFoundException'{0x00000000cc0cb9f0}: com/sun/swing/internal/plaf/metal/resources/spi/metalProvider> (0x00000000cc0cb9f0) 
thrown [s\src\hotspot\share\classfile\systemDictionary.cpp, line 256]
Event: 1.757 Thread 0x0000024796b46d20 Exception <a 'java/lang/ClassNotFoundException'{0x00000000cc0cf878}: com/sun/swing/internal/plaf/basic/resources/spi/basicProvider> (0x00000000cc0cf878) 
thrown [s\src\hotspot\share\classfile\systemDictionary.cpp, line 256]
Event: 1.929 Thread 0x00000247ae8ca7e0 Exception <a 'java/lang/NoSuchMethodError'{0x00000000cbea0f88}: 'java.lang.Object java.lang.invoke.DirectMethodHandle$Holder.newInvokeSpecial(java.lang.Object, java.lang.Object, java.lang.Object, int, int, int, int, int)'> (0x00000000cbea0f88) 
thrown [s\src\hotspot\share\interpreter\linkResolver.cpp, line 759]
Event: 2.173 Thread 0x0000024796b46d20 Exception <a 'java/lang/NoSuchMethodError'{0x00000000cc3cf120}: 'java.lang.Object java.lang.invoke.DirectMethodHandle$Holder.invokeVirtual(java.lang.Object, java.lang.Object, java.lang.Object, java.lang.Object)'> (0x00000000cc3cf120) 
thrown [s\src\hotspot\share\interpreter\linkResolver.cpp, line 759]
Event: 2.175 Thread 0x0000024796b46d20 Exception <a 'java/lang/NoSuchMethodError'{0x00000000cc3d7758}: 'void java.lang.invoke.DirectMethodHandle$Holder.invokeStatic(java.lang.Object, java.lang.Object, java.lang.Object, java.lang.Object)'> (0x00000000cc3d7758) 
thrown [s\src\hotspot\share\interpreter\linkResolver.cpp, line 759]
Event: 2.204 Thread 0x0000024796b46d20 Exception <a 'java/lang/NoSuchMethodError'{0x00000000cc253af8}: 'int java.lang.invoke.DirectMethodHandle$Holder.invokeStaticInit(java.lang.Object, java.lang.Object, java.lang.Object, java.lang.Object)'> (0x00000000cc253af8) 
thrown [s\src\hotspot\share\interpreter\linkResolver.cpp, line 759]
Event: 2.206 Thread 0x0000024796b46d20 Exception <a 'java/lang/NoSuchMethodError'{0x00000000cc25d2f0}: 'java.lang.Object java.lang.invoke.DirectMethodHandle$Holder.invokeInterface(java.lang.Object, java.lang.Object)'> (0x00000000cc25d2f0) 
thrown [s\src\hotspot\share\interpreter\linkResolver.cpp, line 759]
Event: 2.207 Thread 0x0000024796b46d20 Exception <a 'java/lang/IncompatibleClassChangeError'{0x00000000cc2608e0}: Found class java.lang.Object, but interface was expected> (0x00000000cc2608e0) 
thrown [s\src\hotspot\share\interpreter\linkResolver.cpp, line 826]
Event: 2.207 Thread 0x0000024796b46d20 Exception <a 'java/lang/NoSuchMethodError'{0x00000000cc2635c8}: 'void java.lang.invoke.DirectMethodHandle$Holder.invokeStatic(java.lang.Object, java.lang.Object)'> (0x00000000cc2635c8) 
thrown [s\src\hotspot\share\interpreter\linkResolver.cpp, line 759]
Event: 2.208 Thread 0x0000024796b46d20 Exception <a 'java/lang/NoSuchMethodError'{0x00000000cc266b20}: 'void java.lang.invoke.DirectMethodHandle$Holder.invokeStaticInit(java.lang.Object, java.lang.Object)'> (0x00000000cc266b20) 
thrown [s\src\hotspot\share\interpreter\linkResolver.cpp, line 759]
Event: 2.214 Thread 0x0000024796b46d20 Exception <a 'java/lang/NoSuchMethodError'{0x00000000cc26c9a8}: 'int java.lang.invoke.DirectMethodHandle$Holder.invokeStaticInit(java.lang.Object, java.lang.Object)'> (0x00000000cc26c9a8) 
thrown [s\src\hotspot\share\interpreter\linkResolver.cpp, line 759]
Event: 2.371 Thread 0x0000024796b46d20 Exception <a 'java/lang/NoSuchMethodError'{0x00000000cc1547c0}: 'int java.lang.invoke.DirectMethodHandle$Holder.invokeSpecial(java.lang.Object, java.lang.Object, java.lang.Object)'> (0x00000000cc1547c0) 
thrown [s\src\hotspot\share\interpreter\linkResolver.cpp, line 759]
Event: 2.581 Thread 0x0000024796b46d20 Exception <a 'java/lang/NoSuchMethodError'{0x00000000cc00abb0}: 'java.lang.Object java.lang.invoke.DirectMethodHandle$Holder.invokeStaticInit(java.lang.Object, int, int, int, int)'> (0x00000000cc00abb0) 
thrown [s\src\hotspot\share\interpreter\linkResolver.cpp, line 759]
Event: 2.687 Thread 0x0000024796b46d20 Exception <a 'java/lang/NoSuchMethodError'{0x00000000cc08e730}: 'java.lang.Object java.lang.invoke.DirectMethodHandle$Holder.invokeStaticInit(java.lang.Object, java.lang.Object, int, int, int, int)'> (0x00000000cc08e730) 
thrown [s\src\hotspot\share\interpreter\linkResolver.cpp, line 759]
Event: 2.781 Thread 0x0000024796b46d20 Exception <a 'sun/nio/fs/WindowsException'{0x00000000cbe6cdf8}> (0x00000000cbe6cdf8) 
thrown [s\src\hotspot\share\prims\jni.cpp, line 516]
Event: 2.891 Thread 0x0000024796b46d20 Exception <a 'java/lang/NoSuchMethodError'{0x00000000cbebd010}: 'void java.lang.invoke.DirectMethodHandle$Holder.invokeStatic(java.lang.Object, java.lang.Object, java.lang.Object)'> (0x00000000cbebd010) 
thrown [s\src\hotspot\share\interpreter\linkResolver.cpp, line 759]
Event: 2.892 Thread 0x0000024796b46d20 Implicit null exception at 0x00000247a1d22e59 to 0x00000247a1d23734

VM Operations (20 events):
Event: 1.177 Executing VM operation: Cleanup
Event: 1.177 Executing VM operation: Cleanup done
Event: 1.754 Executing VM operation: HandshakeAllThreads
Event: 1.754 Executing VM operation: HandshakeAllThreads done
Event: 1.986 Executing VM operation: HandshakeAllThreads
Event: 1.986 Executing VM operation: HandshakeAllThreads done
Event: 2.060 Executing VM operation: HandshakeAllThreads
Event: 2.060 Executing VM operation: HandshakeAllThreads done
Event: 2.061 Executing VM operation: HandshakeAllThreads
Event: 2.061 Executing VM operation: HandshakeAllThreads done
Event: 2.070 Executing VM operation: G1CollectForAllocation
Event: 2.077 Executing VM operation: G1CollectForAllocation done
Event: 2.187 Executing VM operation: HandshakeAllThreads
Event: 2.187 Executing VM operation: HandshakeAllThreads done
Event: 2.283 Executing VM operation: HandshakeAllThreads
Event: 2.283 Executing VM operation: HandshakeAllThreads done
Event: 2.558 Executing VM operation: HandshakeAllThreads
Event: 2.558 Executing VM operation: HandshakeAllThreads done
Event: 2.749 Executing VM operation: HandshakeAllThreads
Event: 2.749 Executing VM operation: HandshakeAllThreads done

Events (20 events):
Event: 2.808 loading class sun/nio/cs/ThreadLocalCoders$Cache done
Event: 2.808 loading class sun/nio/cs/ThreadLocalCoders$1 done
Event: 2.808 loading class sun/nio/cs/ThreadLocalCoders$2
Event: 2.808 loading class sun/nio/cs/ThreadLocalCoders$2 done
Event: 2.809 loading class javax/crypto/Mac
Event: 2.809 loading class javax/crypto/Mac done
Event: 2.809 loading class javax/crypto/MacSpi
Event: 2.809 loading class javax/crypto/MacSpi done
Event: 2.809 loading class com/sun/crypto/provider/HmacCore$HmacSHA256
Event: 2.810 loading class com/sun/crypto/provider/HmacCore
Event: 2.810 loading class com/sun/crypto/provider/HmacCore done
Event: 2.810 loading class com/sun/crypto/provider/HmacCore$HmacSHA256 done
Event: 2.811 loading class com/sun/crypto/provider/PBKDF2KeyImpl$1
Event: 2.813 loading class com/sun/crypto/provider/PBKDF2KeyImpl$1 done
Event: 2.892 loading class javax/crypto/spec/SecretKeySpec
Event: 2.892 loading class javax/crypto/spec/SecretKeySpec done
Event: 2.892 loading class javax/crypto/spec/SecretKeySpec$1
Event: 2.892 loading class jdk/internal/access/JavaxCryptoSpecAccess
Event: 2.892 loading class jdk/internal/access/JavaxCryptoSpecAccess done
Event: 2.892 loading class javax/crypto/spec/SecretKeySpec$1 done


Dynamic libraries:
0x00007ff6f7d60000 - 0x00007ff6f7d6e000 	C:\Users\Hp\.p2\pool\plugins\org.eclipse.justj.openjdk.hotspot.jre.full.win32.x86_64_17.0.6.v20230204-1729\jre\bin\javaw.exe
0x00007fff895b0000 - 0x00007fff897c4000 	C:\WINDOWS\SYSTEM32\ntdll.dll
0x00007fff88350000 - 0x00007fff88412000 	C:\WINDOWS\System32\KERNEL32.DLL
0x00007fff869b0000 - 0x00007fff86d53000 	C:\WINDOWS\System32\KERNELBASE.dll
0x00007fff86ec0000 - 0x00007fff86fd1000 	C:\WINDOWS\System32\ucrtbase.dll
0x00007fff791e0000 - 0x00007fff791f7000 	C:\Users\Hp\.p2\pool\plugins\org.eclipse.justj.openjdk.hotspot.jre.full.win32.x86_64_17.0.6.v20230204-1729\jre\bin\jli.dll
0x00007fff78230000 - 0x00007fff78249000 	C:\Users\Hp\.p2\pool\plugins\org.eclipse.justj.openjdk.hotspot.jre.full.win32.x86_64_17.0.6.v20230204-1729\jre\bin\VCRUNTIME140.dll
0x00007fff877c0000 - 0x00007fff8796a000 	C:\WINDOWS\System32\USER32.dll
0x00007fff86e90000 - 0x00007fff86eb6000 	C:\WINDOWS\System32\win32u.dll
0x00007fff87970000 - 0x00007fff87999000 	C:\WINDOWS\System32\GDI32.dll
0x00007fff87270000 - 0x00007fff87389000 	C:\WINDOWS\System32\gdi32full.dll
0x00007fff871d0000 - 0x00007fff8726a000 	C:\WINDOWS\System32\msvcp_win.dll
0x00007fff6e9e0000 - 0x00007fff6ec6e000 	C:\WINDOWS\WinSxS\amd64_microsoft.windows.common-controls_6595b64144ccf1df_6.0.22621.1635_none_270f70857386168e\COMCTL32.dll
0x00007fff879a0000 - 0x00007fff87a47000 	C:\WINDOWS\System32\msvcrt.dll
0x00007fff889d0000 - 0x00007fff88a01000 	C:\WINDOWS\System32\IMM32.DLL
0x00007fff81060000 - 0x00007fff8106c000 	C:\Users\Hp\.p2\pool\plugins\org.eclipse.justj.openjdk.hotspot.jre.full.win32.x86_64_17.0.6.v20230204-1729\jre\bin\vcruntime140_1.dll
0x00007fff77660000 - 0x00007fff776f1000 	C:\Users\Hp\.p2\pool\plugins\org.eclipse.justj.openjdk.hotspot.jre.full.win32.x86_64_17.0.6.v20230204-1729\jre\bin\msvcp140.dll
0x00007fff05d30000 - 0x00007fff06977000 	C:\Users\Hp\.p2\pool\plugins\org.eclipse.justj.openjdk.hotspot.jre.full.win32.x86_64_17.0.6.v20230204-1729\jre\bin\server\jvm.dll
0x00007fff894c0000 - 0x00007fff8956e000 	C:\WINDOWS\System32\ADVAPI32.dll
0x00007fff87710000 - 0x00007fff877b4000 	C:\WINDOWS\System32\sechost.dll
0x00007fff88ea0000 - 0x00007fff88fb7000 	C:\WINDOWS\System32\RPCRT4.dll
0x00007fff7f970000 - 0x00007fff7f97a000 	C:\WINDOWS\SYSTEM32\VERSION.dll
0x00007fff70060000 - 0x00007fff70069000 	C:\WINDOWS\SYSTEM32\WSOCK32.dll
0x00007fff88fc0000 - 0x00007fff89031000 	C:\WINDOWS\System32\WS2_32.dll
0x00007fff81010000 - 0x00007fff81044000 	C:\WINDOWS\SYSTEM32\WINMM.dll
0x00007fff859f0000 - 0x00007fff85a08000 	C:\WINDOWS\SYSTEM32\kernel.appcore.dll
0x00007fff81a30000 - 0x00007fff81a3a000 	C:\Users\Hp\.p2\pool\plugins\org.eclipse.justj.openjdk.hotspot.jre.full.win32.x86_64_17.0.6.v20230204-1729\jre\bin\jimage.dll
0x00007fff74a00000 - 0x00007fff74c2e000 	C:\WINDOWS\SYSTEM32\DBGHELP.DLL
0x00007fff88530000 - 0x00007fff888b9000 	C:\WINDOWS\System32\combase.dll
0x00007fff88cf0000 - 0x00007fff88dc7000 	C:\WINDOWS\System32\OLEAUT32.dll
0x00007fff749c0000 - 0x00007fff749f2000 	C:\WINDOWS\SYSTEM32\dbgcore.DLL
0x00007fff86fe0000 - 0x00007fff8705a000 	C:\WINDOWS\System32\bcryptPrimitives.dll
0x00007fff813a0000 - 0x00007fff813c5000 	C:\Users\Hp\.p2\pool\plugins\org.eclipse.justj.openjdk.hotspot.jre.full.win32.x86_64_17.0.6.v20230204-1729\jre\bin\java.dll
0x00007fff80fa0000 - 0x00007fff80fb8000 	C:\Users\Hp\.p2\pool\plugins\org.eclipse.justj.openjdk.hotspot.jre.full.win32.x86_64_17.0.6.v20230204-1729\jre\bin\zip.dll
0x00007fff87a50000 - 0x00007fff88249000 	C:\WINDOWS\System32\SHELL32.dll
0x00007fff849a0000 - 0x00007fff8526e000 	C:\WINDOWS\SYSTEM32\windows.storage.dll
0x00007fff84860000 - 0x00007fff8499e000 	C:\WINDOWS\SYSTEM32\wintypes.dll
0x00007fff88250000 - 0x00007fff88341000 	C:\WINDOWS\System32\SHCORE.dll
0x00007fff88dd0000 - 0x00007fff88e2e000 	C:\WINDOWS\System32\shlwapi.dll
0x00007fff868e0000 - 0x00007fff86906000 	C:\WINDOWS\SYSTEM32\profapi.dll
0x00007fff78890000 - 0x00007fff788a9000 	C:\Users\Hp\.p2\pool\plugins\org.eclipse.justj.openjdk.hotspot.jre.full.win32.x86_64_17.0.6.v20230204-1729\jre\bin\net.dll
0x00007fff7f620000 - 0x00007fff7f757000 	C:\WINDOWS\SYSTEM32\WINHTTP.dll
0x00007fff85e70000 - 0x00007fff85ed9000 	C:\WINDOWS\system32\mswsock.dll
0x00007fff78780000 - 0x00007fff78795000 	C:\Users\Hp\.p2\pool\plugins\org.eclipse.justj.openjdk.hotspot.jre.full.win32.x86_64_17.0.6.v20230204-1729\jre\bin\nio.dll
0x00007fff4cde0000 - 0x00007fff4cf6e000 	C:\Users\Hp\.p2\pool\plugins\org.eclipse.justj.openjdk.hotspot.jre.full.win32.x86_64_17.0.6.v20230204-1729\jre\bin\awt.dll
0x00007fff83cb0000 - 0x00007fff83d47000 	C:\WINDOWS\SYSTEM32\apphelp.dll
0x00007fff843e0000 - 0x00007fff8440b000 	C:\WINDOWS\system32\DWMAPI.DLL
0x00007fff83fb0000 - 0x00007fff8405b000 	C:\WINDOWS\system32\uxtheme.dll
0x00007fff61940000 - 0x00007fff61a40000 	C:\WINDOWS\system32\opengl32.dll
0x00007fff78200000 - 0x00007fff7822d000 	C:\WINDOWS\SYSTEM32\GLU32.dll
0x00007fff840b0000 - 0x00007fff840e8000 	C:\WINDOWS\SYSTEM32\dxcore.dll
0x00007fff88bb0000 - 0x00007fff88cd7000 	C:\WINDOWS\System32\MSCTF.dll
0x00007fff87550000 - 0x00007fff876ec000 	C:\WINDOWS\System32\ole32.dll
0x00007fff301d0000 - 0x00007fff30379000 	C:\WINDOWS\system32\d3d9.dll
0x00007fff7d0e0000 - 0x00007fff7d2bb000 	C:\WINDOWS\System32\DriverStore\FileRepository\u0372698.inf_amd64_2366d501a5d0e392\B370279\aticfx64.dll
0x00007fff77400000 - 0x00007fff77433000 	C:\WINDOWS\System32\DriverStore\FileRepository\u0372698.inf_amd64_2366d501a5d0e392\B370279\atiu9p64.dll
0x00007fff2d9a0000 - 0x00007fff2e6fa000 	C:\WINDOWS\System32\DriverStore\FileRepository\u0372698.inf_amd64_2366d501a5d0e392\B370279\atiumd64.dll
0x0000000051320000 - 0x00000000521eb000 	C:\WINDOWS\System32\DriverStore\FileRepository\u0372698.inf_amd64_2366d501a5d0e392\B370279\atiumd6a.dll
0x00007fff86880000 - 0x00007fff868cd000 	C:\WINDOWS\SYSTEM32\POWRPROF.dll
0x00007fff86860000 - 0x00007fff86873000 	C:\WINDOWS\SYSTEM32\UMPDC.dll
0x00007fff7aee0000 - 0x00007fff7af10000 	C:\WINDOWS\SYSTEM32\amdihk64.dll
0x00007fff80fc0000 - 0x00007fff81008000 	C:\WINDOWS\SYSTEM32\directxdatabasehelper.dll
0x00007fff781d0000 - 0x00007fff781fd000 	C:\Users\Hp\.p2\pool\plugins\org.eclipse.justj.openjdk.hotspot.jre.full.win32.x86_64_17.0.6.v20230204-1729\jre\bin\javajpeg.dll
0x00007fff85540000 - 0x00007fff85633000 	C:\WINDOWS\SYSTEM32\DNSAPI.dll
0x00007fff854d0000 - 0x00007fff854fd000 	C:\WINDOWS\SYSTEM32\IPHLPAPI.DLL
0x00007fff88aa0000 - 0x00007fff88aa9000 	C:\WINDOWS\System32\NSI.dll
0x00007fff733d0000 - 0x00007fff733da000 	C:\Windows\System32\rasadhlp.dll
0x00007fff7d2c0000 - 0x00007fff7d344000 	C:\WINDOWS\System32\fwpuclnt.dll
0x00007fff781c0000 - 0x00007fff781c9000 	C:\Users\Hp\.p2\pool\plugins\org.eclipse.justj.openjdk.hotspot.jre.full.win32.x86_64_17.0.6.v20230204-1729\jre\bin\management.dll
0x00007fff77650000 - 0x00007fff7765b000 	C:\Users\Hp\.p2\pool\plugins\org.eclipse.justj.openjdk.hotspot.jre.full.win32.x86_64_17.0.6.v20230204-1729\jre\bin\management_ext.dll
0x00007fff88970000 - 0x00007fff88978000 	C:\WINDOWS\System32\PSAPI.DLL
0x00007fff860d0000 - 0x00007fff860eb000 	C:\WINDOWS\SYSTEM32\CRYPTSP.dll
0x00007fff85960000 - 0x00007fff85995000 	C:\WINDOWS\system32\rsaenh.dll
0x00007fff85f70000 - 0x00007fff85f9c000 	C:\WINDOWS\SYSTEM32\USERENV.dll
0x00007fff86290000 - 0x00007fff862b8000 	C:\WINDOWS\SYSTEM32\bcrypt.dll
0x00007fff860f0000 - 0x00007fff860fc000 	C:\WINDOWS\SYSTEM32\CRYPTBASE.dll
0x00007fff7f850000 - 0x00007fff7f869000 	C:\WINDOWS\SYSTEM32\dhcpcsvc6.DLL
0x00007fff7f320000 - 0x00007fff7f33f000 	C:\WINDOWS\SYSTEM32\dhcpcsvc.DLL

dbghelp: loaded successfully - version: 4.0.5 - missing functions: none
symbol engine: initialized successfully - sym options: 0x614 - pdb path: .;C:\Users\Hp\.p2\pool\plugins\org.eclipse.justj.openjdk.hotspot.jre.full.win32.x86_64_17.0.6.v20230204-1729\jre\bin;C:\WINDOWS\SYSTEM32;C:\WINDOWS\WinSxS\amd64_microsoft.windows.common-controls_6595b64144ccf1df_6.0.22621.1635_none_270f70857386168e;C:\Users\Hp\.p2\pool\plugins\org.eclipse.justj.openjdk.hotspot.jre.full.win32.x86_64_17.0.6.v20230204-1729\jre\bin\server;C:\WINDOWS\System32\DriverStore\FileRepository\u0372698.inf_amd64_2366d501a5d0e392\B370279

VM Arguments:
jvm_args: -Dfile.encoding=UTF-8 -XX:+ShowCodeDetailsInExceptionMessages 
java_command: BankProject.BalanceEnquiry
java_class_path (initial): D:\javafiles\BankManagementProject\bin;D:\javafiles\jcalendar-tz-1.3.3-4.jar;D:\javafiles\postgresql-42.5.4.jar
Launcher Type: SUN_STANDARD

[Global flags]
     intx CICompilerCount                          = 3                                         {product} {ergonomic}
     uint ConcGCThreads                            = 1                                         {product} {ergonomic}
     uint G1ConcRefinementThreads                  = 4                                         {product} {ergonomic}
   size_t G1HeapRegionSize                         = 1048576                                   {product} {ergonomic}
    uintx GCDrainStackTargetSize                   = 64                                        {product} {ergonomic}
   size_t InitialHeapSize                          = 58720256                                  {product} {ergonomic}
   size_t MarkStackSize                            = 4194304                                   {product} {ergonomic}
   size_t MaxHeapSize                              = 926941184                                 {product} {ergonomic}
   size_t MaxNewSize                               = 555745280                                 {product} {ergonomic}
   size_t MinHeapDeltaBytes                        = 1048576                                   {product} {ergonomic}
   size_t MinHeapSize                              = 8388608                                   {product} {ergonomic}
    uintx NonNMethodCodeHeapSize                   = 5832780                                {pd product} {ergonomic}
    uintx NonProfiledCodeHeapSize                  = 122912730                              {pd product} {ergonomic}
    uintx ProfiledCodeHeapSize                     = 122912730                              {pd product} {ergonomic}
    uintx ReservedCodeCacheSize                    = 251658240                              {pd product} {ergonomic}
     bool SegmentedCodeCache                       = true                                      {product} {ergonomic}
     bool ShowCodeDetailsInExceptionMessages       = true                                   {manageable} {command line}
   size_t SoftMaxHeapSize                          = 926941184                              {manageable} {ergonomic}
     bool UseCompressedClassPointers               = true                           {product lp64_product} {ergonomic}
     bool UseCompressedOops                        = true                           {product lp64_product} {ergonomic}
     bool UseG1GC                                  = true                                      {product} {ergonomic}
     bool UseLargePagesIndividualAllocation        = false                                  {pd product} {ergonomic}

Logging:
Log output configuration:
 #0: stdout all=warning uptime,level,tags
 #1: stderr all=off uptime,level,tags

Environment Variables:
JAVA_HOME=C:\Users\Hp\AppData\Local\Programs\Eclipse Adoptium\jdk-17.0.7.7-hotspot\
PATH=C:/Users/Hp/.p2/pool/plugins/org.eclipse.justj.openjdk.hotspot.jre.full.win32.x86_64_17.0.6.v20230204-1729/jre/bin/server;C:/Users/Hp/.p2/pool/plugins/org.eclipse.justj.openjdk.hotspot.jre.full.win32.x86_64_17.0.6.v20230204-1729/jre/bin;C:\WINDOWS\system32;C:\WINDOWS;C:\WINDOWS\System32\Wbem;C:\WINDOWS\System32\WindowsPowerShell\v1.0\;C:\WINDOWS\System32\OpenSSH\;C:\Program Files\nodejs\;C:\Users\Hp\AppData\Local\Programs\Eclipse Adoptium\jdk-17.0.7.7-hotspot\bin;C:\Users\Hp\AppData\Local\Microsoft\WindowsApps;;C:\Users\Hp\AppData\Local\Programs\Microsoft VS Code\bin;C:\Users\Hp\AppData\Roaming\npm;C:\WINDOWS\System32;
USERNAME=Hp
OS=Windows_NT
PROCESSOR_IDENTIFIER=AMD64 Family 23 Model 24 Stepping 1, AuthenticAMD
TMP=C:\Users\Hp\AppData\Local\Temp
TEMP=C:\Users\Hp\AppData\Local\Temp



---------------  S Y S T E M  ---------------

OS:
 Windows 11 , 64 bit Build 22621 (10.0.22621.1928)
OS uptime: 7 days 4:00 hours

CPU: total 4 (initial active 4) (4 cores per cpu, 2 threads per core) family 23 model 24 stepping 1 microcode 0x0, cx8, cmov, fxsr, ht, mmx, 3dnowpref, sse, sse2, sse3, ssse3, sse4a, sse4.1, sse4.2, popcnt, lzcnt, tsc, tscinvbit, avx, avx2, aes, clmul, bmi1, bmi2, adx, sha, fma, vzeroupper, clflush, clflushopt

Memory: 4k page, system-wide physical 3530M (204M free)
TotalPageFile size 14282M (AvailPageFile size 3M)
current process WorkingSet (physical memory assigned to process): 95M, peak: 95M
current process commit charge ("private bytes"): 158M, peak: 158M

vm_info: OpenJDK 64-Bit Server VM (17.0.6+10) for windows-amd64 JRE (17.0.6+10), built on Jan 18 2023 10:08:59 by "temurin" with MS VC++ 16.7 (VS2019)

END.
